#
# A fatal error has been detected by the Java Runtime Environment:
#
#  EXCEPTION_ACCESS_VIOLATION (0xc0000005) at pc=0x0000023ce71aa93a, pid=26488, tid=36756
#
# JRE version: OpenJDK Runtime Environment Temurin-17.0.9+9 (17.0.9+9) (build 17.0.9+9)
# Java VM: OpenJDK 64-Bit Server VM Temurin-17.0.9+9 (17.0.9+9, mixed mode, sharing, tiered, compressed oops, compressed class ptrs, parallel gc, windows-amd64)
# Problematic frame:
# J 8061 c1 org.eclipse.jdt.internal.core.builder.ClasspathJrt$$Lambda$408+0x0000023c815a0d48.apply(Ljava/lang/Object;)Ljava/lang/Object; (8 bytes) @ 0x0000023ce71aa93a [0x0000023ce71aa8c0+0x000000000000007a]
#
# No core dump will be written. Minidumps are not enabled by default on client versions of Windows
#
# If you would like to submit a bug report, please visit:
#   https://github.com/adoptium/adoptium-support/issues
#

---------------  S U M M A R Y ------------

Command Line: --add-modules=ALL-SYSTEM --add-opens=java.base/java.util=ALL-UNNAMED --add-opens=java.base/java.lang=ALL-UNNAMED --add-opens=java.base/sun.nio.fs=ALL-UNNAMED -Declipse.application=org.eclipse.jdt.ls.core.id1 -Dosgi.bundles.defaultStartLevel=4 -Declipse.product=org.eclipse.jdt.ls.core.product -Djava.import.generatesMetadataFilesAtProjectRoot=false -DDetectVMInstallationsJob.disabled=true -Dfile.encoding=utf8 -XX:+UseParallelGC -XX:GCTimeRatio=4 -XX:AdaptiveSizePolicyWeight=90 -Dsun.zip.disableMemoryMapping=true -Xmx1G -Xms100m -Xlog:disable -javaagent:c:\Users\luciano\.vscode\extensions\redhat.java-1.24.0-win32-x64\lombok\lombok-1.18.30.jar -XX:+HeapDumpOnOutOfMemoryError -XX:HeapDumpPath=c:\Users\luciano\AppData\Roaming\Code\User\workspaceStorage\640d357f8450c27fbadb4de82f0a2656\redhat.java -Daether.dependencyCollector.impl=bf c:\Users\luciano\.vscode\extensions\redhat.java-1.24.0-win32-x64\server\plugins\org.eclipse.equinox.launcher_1.6.500.v20230717-2134.jar -configuration c:\Users\luciano\AppData\Roaming\Code\User\globalStorage\redhat.java\1.24.0\config_win -data c:\Users\luciano\AppData\Roaming\Code\User\workspaceStorage\640d357f8450c27fbadb4de82f0a2656\redhat.java\jdt_ws --stdio

Host: 12th Gen Intel(R) Core(TM) i7-12700K, 20 cores, 31G,  Windows 11 , 64 bit Build 22621 (10.0.22621.2700)
Time: Mon Nov  6 13:07:06 2023 Hora Padrão Brasil Central elapsed time: 1450.901029 seconds (0d 0h 24m 10s)

---------------  T H R E A D  ---------------

Current thread (0x0000023cc3ff5940):  JavaThread "Worker-23: Building" [_thread_in_Java, id=36756, stack(0x000000c1a1c00000,0x000000c1a1d00000)]

Stack: [0x000000c1a1c00000,0x000000c1a1d00000],  sp=0x000000c1a1cfe920,  free space=1018k
Native frames: (J=compiled Java code, j=interpreted, Vv=VM code, C=native code)
C  0x0000023ce71aa93a

The last pc belongs to nmethod (printed below).

siginfo: EXCEPTION_ACCESS_VIOLATION (0xc0000005), reading address 0x000000002e6b6472


Registers:
RAX=0x0000023cfdcc3648, RBX=0x0000023c8000e9f0, RCX=0x0000023cddb00000, RDX=0x00000000c2304fe0
RSP=0x000000c1a1cfe920, RBP=0x000000c1a1cfeab8, RSI=0x0000000000000184, RDI=0x0000000000003d71
R8 =0x000000002e6b646a, R9 =0x00000000c2333530, R10=0x0000023c815a0d48, R11=0x0000000000000220
R12=0x0000000000000000, R13=0x000000c1a1cfea58, R14=0x000000c1a1cfeaf8, R15=0x0000023cc3ff5940
RIP=0x0000023ce71aa93a, EFLAGS=0x0000000000010206


Register to memory mapping:

RIP=0x0000023ce71aa93a is at entry_point+122 in (nmethod*)0x0000023ce71aa710
Compiled method (c1) 1450905 8061       3       org.eclipse.jdt.internal.core.builder.ClasspathJrt$$Lambda$408/0x0000023c815a0d48::apply (8 bytes)
 total in heap  [0x0000023ce71aa710,0x0000023ce71aabb0] = 1184
 relocation     [0x0000023ce71aa868,0x0000023ce71aa8a8] = 64
 main code      [0x0000023ce71aa8c0,0x0000023ce71aaae0] = 544
 stub code      [0x0000023ce71aaae0,0x0000023ce71aab18] = 56
 oops           [0x0000023ce71aab18,0x0000023ce71aab20] = 8
 metadata       [0x0000023ce71aab20,0x0000023ce71aab30] = 16
 scopes data    [0x0000023ce71aab30,0x0000023ce71aab58] = 40
 scopes pcs     [0x0000023ce71aab58,0x0000023ce71aaba8] = 80
 dependencies   [0x0000023ce71aaba8,0x0000023ce71aabb0] = 8
RAX=0x0000023cfdcc3648 is pointing into metadata
RBX=0x0000023c8000e9f0 is a pointer to class: 
java.lang.String {0x0000023c8000e9f8}
 - instance size:     3
 - klass size:        83
 - access:            public final synchronized 
 - state:             fully_initialized
 - name:              'java/lang/String'
 - super:             'java/lang/Object'
 - sub:               
 - arrays:            'java/lang/String'[]
 - methods:           Array<T>(0x0000023c80b07290)
 - method ordering:   Array<T>(0x0000023c80b06fd8)
 - default_methods:   Array<T>(0x0000000000000000)
 - local interfaces:  Array<T>(0x0000023c80b07260)
 - trans. interfaces: Array<T>(0x0000023c80b07260)
 - constants:         constant pool [1396]/operands[28] {0x0000023c80b04028} for 'java/lang/String' cache=0x0000023c804225d0
 - class loader data:  loader data: 0x0000023cde7701e0 of 'bootstrap'
 - source file:       'String.java'
 - class annotations:       Array<T>(0x0000000000000000)
 - class type annotations:  Array<T>(0x0000000000000000)
 - field annotations:       Array<T>(0x0000023c80b0eaf0)
 - field type annotations:  Array<T>(0x0000000000000000)
 - generic signature: 'Ljava/lang/Object;Ljava/io/Serializable;Ljava/lang/Comparable<Ljava/lang/String;>;Ljava/lang/CharSequence;Ljava/lang/constant/Constable;Ljava/lang/constant/ConstantDesc;'
 - inner classes:     Array<T>(0x0000023c80b0ea90)
 - nest members:     Array<T>(0x0000023c80b03fc8)
 - permitted subclasses:     Array<T>(0x0000023c805bbc10)
 - java mirror:       a 'java/lang/Class'{0x00000000c07307b0} = 'java/lang/String'
 - vtable length      5  (start addr: 0x0000023c8000ebb8)
 - itable length      20 (start addr: 0x0000023c8000ebe0)
 - ---- static fields (3 words):
 - private static final 'serialVersionUID' 'J' @120 
 - static final 'COMPACT_STRINGS' 'Z' @130 
 - private static final 'serialPersistentFields' '[Ljava/io/ObjectStreamField;' @112 
 - private static final 'REPL' 'C' @128 
 - public static final 'CASE_INSENSITIVE_ORDER' 'Ljava/util/Comparator;' @116 
 - static final 'LATIN1' 'B' @131 
 - static final 'UTF16' 'B' @132 
 - ---- non-static fields (3 words):
 - private 'hash' 'I' @12 
 - private final 'coder' 'B' @16 
 - private 'hashIsZero' 'Z' @17 
 - private final synchronized 'value' '[B' @20 
 - non-static oop maps: 20-20 
RCX=0x0000023cddb00000 is an unknown value
RDX=0x00000000c2304fe0 is an oop: org.eclipse.jdt.internal.core.builder.ClasspathJrt$$Lambda$408/0x0000023c815a0d48 
{0x00000000c2304fe0} - klass: 'org/eclipse/jdt/internal/core/builder/ClasspathJrt$$Lambda$408+0x0000023c815a0d48'
 - ---- fields (total size 2 words):
RSP=0x000000c1a1cfe920 is pointing into the stack for thread: 0x0000023cc3ff5940
RBP=0x000000c1a1cfeab8 is pointing into the stack for thread: 0x0000023cc3ff5940
RSI=0x0000000000000184 is an unknown value
RDI=0x0000000000003d71 is an unknown value
R8 =0x000000002e6b646a is an unknown value
R9 =0x00000000c2333530 is an oop: [B 
{0x00000000c2333530} - klass: {type array byte}
 - length: 10
R10=0x0000023c815a0d48 is a pointer to class: 
org.eclipse.jdt.internal.core.builder.ClasspathJrt$$Lambda$408/0x0000023c815a0d48 {0x0000023c815a0d50}
 - instance size:     2
 - klass size:        71
 - access:            final synchronized synthetic 
 - state:             fully_initialized
 - name:              'org/eclipse/jdt/internal/core/builder/ClasspathJrt$$Lambda$408+0x0000023c815a0d48'
 - super:             'java/lang/Object'
 - sub:               
 - arrays:            NULL
 - methods:           Array<T>(0x0000023cfdaed0c8)
 - method ordering:   Array<T>(0x0000023c808eaca8)
 - default_methods:   Array<T>(0x0000023cfdaed200)
 - default vtable indices:   Array<T>(0x0000023cfdaed218)
 - local interfaces:  Array<T>(0x0000023cfdaed0a8)
 - trans. interfaces: Array<T>(0x0000023cfdaed0a8)
 - constants:         constant pool [23] {0x0000023cfdaecf80} for 'org/eclipse/jdt/internal/core/builder/ClasspathJrt$$Lambda$408+0x0000023c815a0d48' cache=0x0000023cfdaed228
 - class loader data:  loader data: 0x0000023cc1c70fd0 for instance a 'org/eclipse/osgi/internal/loader/EquinoxClassLoader'{0x00000000c029bcc0}
 - class annotations:       Array<T>(0x0000000000000000)
 - class type annotations:  Array<T>(0x0000000000000000)
 - field annotations:       Array<T>(0x0000000000000000)
 - field type annotations:  Array<T>(0x0000000000000000)
 - inner classes:     Array<T>(0x0000023c805bbc10)
 - nest members:     Array<T>(0x0000023c805bbc10)
 - permitted subclasses:     Array<T>(0x0000023c805bbc10)
 - java mirror:       a 'java/lang/Class'{0x00000000c22deb20} = 'org/eclipse/jdt/internal/core/builder/ClasspathJrt$$Lambda$408+0x0000023c815a0d48'
 - vtable length      7  (start addr: 0x0000023c815a0f10)
 - itable length      7 (start addr: 0x0000023c815a0f48)
 - ---- static fields (0 words):
 - ---- non-static fields (0 words):
 - non-static oop maps: 
R11=0x0000000000000220 is an unknown value
R12=0x0 is NULL
R13=0x000000c1a1cfea58 is pointing into the stack for thread: 0x0000023cc3ff5940
R14=0x000000c1a1cfeaf8 is pointing into the stack for thread: 0x0000023cc3ff5940
R15=0x0000023cc3ff5940 is a thread


Top of Stack: (sp=0x000000c1a1cfe920)
0x000000c1a1cfe920:   0000023cc3ff5940 00000000eab75630
0x000000c1a1cfe930:   0000000beab75078 000000000000000b
0x000000c1a1cfe940:   00000000eab75050 00007ff8dd0cde18
0x000000c1a1cfe950:   000000c1a1cfeab8 0000023ce79b1594
0x000000c1a1cfe960:   0000023ced6a94fe 00000000eab75608
0x000000c1a1cfe970:   000000c1a1cfe970 0000023cfdaed389
0x000000c1a1cfe980:   000000c1a1cfe9d0 0000023cfdaed4b0
0x000000c1a1cfe990:   0000000000000000 00000000c22deb90
0x000000c1a1cfe9a0:   0000023cfdaed398 0000000000000000
0x000000c1a1cfe9b0:   000000c1a1cfe9e0 00000000eab75608
0x000000c1a1cfe9c0:   0000023cede1fad0 00000000eab75578
0x000000c1a1cfe9d0:   00000000eab75608 0000023cede1fad0
0x000000c1a1cfe9e0:   00000000c2304fe0 00000000eab75618
0x000000c1a1cfe9f0:   00000000c23112f8 00000000eab75608
0x000000c1a1cfea00:   00000000eab75630 00000000c23122d8
0x000000c1a1cfea10:   000000c1a1cfeab8 0000023cedfcf2e0
0x000000c1a1cfea20:   000000c1a1cfeab8 0000023cee01e440
0x000000c1a1cfea30:   000000c1a1cfeab8 0000023ced6a9cd8
0x000000c1a1cfea40:   000000c1a1cfeab8 0000023ced6a9657
0x000000c1a1cfea50:   0000023ced6a9657 00000000eab75608
0x000000c1a1cfea60:   00000000c2304fe0 00000000c23112f8
0x000000c1a1cfea70:   000000c1a1cfea70 0000023cfdad497c
0x000000c1a1cfea80:   000000c1a1cfeaf8 0000023cfdae4ce0
0x000000c1a1cfea90:   0000023cfe8c3ae0 00000000c20c3540
0x000000c1a1cfeaa0:   0000023cfdad4a40 000000c1a1cfea58
0x000000c1a1cfeab0:   000000c1a1cfeb00 000000c1a1cfecc0
0x000000c1a1cfeac0:   0000023ce76e6864 0000000000000000
0x000000c1a1cfead0:   0000000000000000 0000000000000000
0x000000c1a1cfeae0:   0000000000000000 0000000000000000
0x000000c1a1cfeaf0:   00000000c23112f8 00000000eab75578
0x000000c1a1cfeb00:   00000000c0bd40c8 0000023cee1ce5c4
0x000000c1a1cfeb10:   00000000c09a27f8 000003ffc0bd40c8 

Instructions: (pc=0x0000023ce71aa93a)
0x0000023ce71aa83a:   00 00 20 00 00 00 7d 1f 00 00 03 00 00 00 00 00
0x0000023ce71aa84a:   00 00 02 00 00 00 00 00 00 00 05 00 00 00 b8 01
0x0000023ce71aa85a:   00 00 02 00 00 00 ff ff ff ff ff ff ff ff 14 60
0x0000023ce71aa86a:   18 c0 2e c0 16 c0 24 c0 94 c0 1f c0 12 c0 2d b0
0x0000023ce71aa87a:   0e c0 17 64 0e 64 05 c0 17 64 56 f0 07 80 11 64
0x0000023ce71aa88a:   29 64 0a 00 00 64 03 f8 0b dd 40 9a f8 7f 05 70
0x0000023ce71aa89a:   0e 60 01 f8 7e ff 0e 90 0c 64 00 00 00 00 00 00
0x0000023ce71aa8aa:   00 00 00 00 00 00 00 00 00 00 00 00 00 00 00 00
0x0000023ce71aa8ba:   00 00 00 00 00 00 44 8b 52 08 49 bb 00 00 00 80
0x0000023ce71aa8ca:   3c 02 00 00 4d 03 d3 4c 3b d0 0f 85 a6 64 54 06
0x0000023ce71aa8da:   66 0f 1f 44 00 00 89 84 24 00 90 ff ff 55 48 83
0x0000023ce71aa8ea:   ec 30 48 b8 48 36 cc fd 3c 02 00 00 8b b0 cc 00
0x0000023ce71aa8fa:   00 00 83 c6 02 89 b0 cc 00 00 00 81 e6 fe 07 00
0x0000023ce71aa90a:   00 83 fe 00 0f 84 40 01 00 00 49 83 f8 00 75 16
0x0000023ce71aa91a:   48 bf 48 36 cc fd 3c 02 00 00 80 8f 09 01 00 00
0x0000023ce71aa92a:   01 e9 d4 00 00 00 48 bb f0 e9 00 80 3c 02 00 00
0x0000023ce71aa93a:   41 8b 70 08 49 ba 00 00 00 80 3c 02 00 00 49 03
0x0000023ce71aa94a:   f2 48 3b de 0f 85 94 00 00 00 48 bf 48 36 cc fd
0x0000023ce71aa95a:   3c 02 00 00 41 8b 58 08 49 ba 00 00 00 80 3c 02
0x0000023ce71aa96a:   00 00 49 03 da 48 3b 9f 20 01 00 00 75 0d 48 83
0x0000023ce71aa97a:   87 28 01 00 00 01 e9 7f 00 00 00 48 3b 9f 30 01
0x0000023ce71aa98a:   00 00 75 0d 48 83 87 38 01 00 00 01 e9 69 00 00
0x0000023ce71aa99a:   00 48 81 bf 20 01 00 00 00 00 00 00 75 17 48 89
0x0000023ce71aa9aa:   9f 20 01 00 00 48 c7 87 28 01 00 00 01 00 00 00
0x0000023ce71aa9ba:   e9 45 00 00 00 48 81 bf 30 01 00 00 00 00 00 00
0x0000023ce71aa9ca:   75 17 48 89 9f 30 01 00 00 48 c7 87 38 01 00 00
0x0000023ce71aa9da:   01 00 00 00 e9 21 00 00 00 e9 1c 00 00 00 48 bf
0x0000023ce71aa9ea:   48 36 cc fd 3c 02 00 00 48 83 af 10 01 00 00 01
0x0000023ce71aa9fa:   e9 76 00 00 00 e9 00 00 00 00 49 8b c0 48 be 48
0x0000023ce71aaa0a:   36 cc fd 3c 02 00 00 48 83 86 48 01 00 00 01 48
0x0000023ce71aaa1a:   be c0 7e bf fd 3c 02 00 00 8b be cc 00 00 00 83
0x0000023ce71aaa2a:   c7 02 89 be cc 00 00 00 81 e7 fe ff 1f 00 83 ff 


Stack slot to memory mapping:
stack at sp + 0 slots: 0x0000023cc3ff5940 is a thread
stack at sp + 1 slots: 0x00000000eab75630 is an oop: java.util.Collections$UnmodifiableCollection$1 
{0x00000000eab75630} - klass: 'java/util/Collections$UnmodifiableCollection$1'
 - ---- fields (total size 3 words):
 - private final 'i' 'Ljava/util/Iterator;' @12  a 'java/util/HashMap$KeyIterator'{0x00000000eab75648} (eab75648)
 - final synthetic 'this$0' 'Ljava/util/Collections$UnmodifiableCollection;' @16  a 'java/util/Collections$UnmodifiableSet'{0x00000000c23112f8} (c23112f8)
stack at sp + 2 slots: 0x0000000beab75078 is an unknown value
stack at sp + 3 slots: 0x000000000000000b is an unknown value
stack at sp + 4 slots: 0x00000000eab75050 is an oop: sun.nio.fs.WindowsPath 
{0x00000000eab75050} - klass: 'sun/nio/fs/WindowsPath'
 - ---- fields (total size 5 words):
 - private 'hash' 'I' @12  0
 - private final 'fs' 'Lsun/nio/fs/WindowsFileSystem;' @16  a 'sun/nio/fs/WindowsFileSystem'{0x00000000c0648ba0} (c0648ba0)
 - private final 'type' 'Lsun/nio/fs/WindowsPathType;' @20  a 'sun/nio/fs/WindowsPathType'{0x00000000c0648c38} (c0648c38)
 - private final 'root' 'Ljava/lang/String;' @24  "C:\"{0x00000000eab74ed8} (eab74ed8)
 - private final 'path' 'Ljava/lang/String;' @28  "C:\Users\luciano\AppData\Roaming\Code\User\globalStorage\pleiades.java-extension-pack-jdk\java\17\lib\jrt-fs.jar"{0x00000000eab74fb8} (eab74fb8)
 - private volatile 'pathForWin32Calls' 'Ljava/lang/ref/WeakReference;' @32  NULL (0)
 - private volatile 'offsets' '[Ljava/lang/Integer;' @36  a 'java/lang/Integer'[12] {0x00000000eab75100} (eab75100)
stack at sp + 5 slots: 0x00007ff8dd0cde18 jvm.dll
stack at sp + 6 slots: 0x000000c1a1cfeab8 is pointing into the stack for thread: 0x0000023cc3ff5940
stack at sp + 7 slots: 0x0000023ce79b1594 is at entry_point+1044 in (nmethod*)0x0000023ce79b0e10
Compiled method (c1) 1450921 16499       3       org.eclipse.jdt.internal.core.JavaProject::internalDefaultRootModules (246 bytes)
 total in heap  [0x0000023ce79b0e10,0x0000023ce79b3910] = 11008
 relocation     [0x0000023ce79b0f68,0x0000023ce79b1178] = 528
 main code      [0x0000023ce79b1180,0x0000023ce79b2dc0] = 7232
 stub code      [0x0000023ce79b2dc0,0x0000023ce79b2ed8] = 280
 oops           [0x0000023ce79b2ed8,0x0000023ce79b2ef0] = 24
 metadata       [0x0000023ce79b2ef0,0x0000023ce79b2f60] = 112
 scopes data    [0x0000023ce79b2f60,0x0000023ce79b3448] = 1256
 scopes pcs     [0x0000023ce79b3448,0x0000023ce79b3848] = 1024
 dependencies   [0x0000023ce79b3848,0x0000023ce79b3870] = 40
 nul chk table  [0x0000023ce79b3870,0x0000023ce79b3910] = 160


Compiled method (c1) 1450921 8061       3       org.eclipse.jdt.internal.core.builder.ClasspathJrt$$Lambda$408/0x0000023c815a0d48::apply (8 bytes)
 total in heap  [0x0000023ce71aa710,0x0000023ce71aabb0] = 1184
 relocation     [0x0000023ce71aa868,0x0000023ce71aa8a8] = 64
 main code      [0x0000023ce71aa8c0,0x0000023ce71aaae0] = 544
 stub code      [0x0000023ce71aaae0,0x0000023ce71aab18] = 56
 oops           [0x0000023ce71aab18,0x0000023ce71aab20] = 8
 metadata       [0x0000023ce71aab20,0x0000023ce71aab30] = 16
 scopes data    [0x0000023ce71aab30,0x0000023ce71aab58] = 40
 scopes pcs     [0x0000023ce71aab58,0x0000023ce71aaba8] = 80
 dependencies   [0x0000023ce71aaba8,0x0000023ce71aabb0] = 8

[Constant Pool (empty)]

[MachCode]
[Entry Point]
  # {method} {0x0000023cfdaed1b0} 'apply' '(Ljava/lang/Object;)Ljava/lang/Object;' in 'org/eclipse/jdt/internal/core/builder/ClasspathJrt$$Lambda$408+0x0000023c815a0d48'
  # this:     rdx:rdx   = 'org/eclipse/jdt/internal/core/builder/ClasspathJrt$$Lambda$408+0x0000023c815a0d48'
  # parm0:    r8:r8     = 'java/lang/Object'
  #           [sp+0x40]  (sp of caller)
  0x0000023ce71aa8c0: 448b 5208 | 49bb 0000 | 0080 3c02 | 0000 4d03 | d34c 3bd0 

  0x0000023ce71aa8d4: ;   {runtime_call ic_miss_stub}
  0x0000023ce71aa8d4: 0f85 a664 | 5406 660f | 1f44 0000 
[Verified Entry Point]
  0x0000023ce71aa8e0: 8984 2400 | 90ff ff55 | 4883 ec30 

  0x0000023ce71aa8ec: ;   {metadata(method data for {method} {0x0000023cfdaed1b0} 'apply' '(Ljava/lang/Object;)Ljava/lang/Object;' in 'org/eclipse/jdt/internal/core/builder/ClasspathJrt$$Lambda$408+0x0000023c815a0d48')}
  0x0000023ce71aa8ec: 48b8 4836 | ccfd 3c02 | 0000 8bb0 | cc00 0000 | 83c6 0289 | b0cc 0000 | 0081 e6fe | 0700 0083 
  0x0000023ce71aa90c: fe00 0f84 | 4001 0000 | 4983 f800 

  0x0000023ce71aa918: ;   {metadata(method data for {method} {0x0000023cfdaed1b0} 'apply' '(Ljava/lang/Object;)Ljava/lang/Object;' in 'org/eclipse/jdt/internal/core/builder/ClasspathJrt$$Lambda$408+0x0000023c815a0d48')}
  0x0000023ce71aa918: 7516 48bf | 4836 ccfd | 3c02 0000 | 808f 0901 | 0000 01e9 | d400 0000 

  0x0000023ce71aa930: ;   {metadata('java/lang/String')}
  0x0000023ce71aa930: 48bb f0e9 | 0080 3c02 | 0000 418b | 7008 49ba | 0000 0080 | 3c02 0000 | 4903 f248 | 3bde 0f85 
  0x0000023ce71aa950: 9400 0000 

  0x0000023ce71aa954: ;   {metadata(method data for {method} {0x0000023cfdaed1b0} 'apply' '(Ljava/lang/Object;)Ljava/lang/Object;' in 'org/eclipse/jdt/internal/core/builder/ClasspathJrt$$Lambda$408+0x0000023c815a0d48')}
  0x0000023ce71aa954: 48bf 4836 | ccfd 3c02 | 0000 418b | 5808 49ba | 0000 0080 | 3c02 0000 | 4903 da48 | 3b9f 2001 
  0x0000023ce71aa974: 0000 750d | 4883 8728 | 0100 0001 | e97f 0000 | 0048 3b9f | 3001 0000 | 750d 4883 | 8738 0100 
  0x0000023ce71aa994: 0001 e969 | 0000 0048 | 81bf 2001 | 0000 0000 | 0000 7517 | 4889 9f20 | 0100 0048 | c787 2801 
  0x0000023ce71aa9b4: 0000 0100 | 0000 e945 | 0000 0048 | 81bf 3001 | 0000 0000 | 0000 7517 | 4889 9f30 | 0100 0048 
  0x0000023ce71aa9d4: c787 3801 | 0000 0100 | 0000 e921 | 0000 00e9 | 1c00 0000 

  0x0000023ce71aa9e8: ;   {metadata(method data for {method} {0x0000023cfdaed1b0} 'apply' '(Ljava/lang/Object;)Ljava/lang/Object;' in 'org/eclipse/jdt/internal/core/builder/ClasspathJrt$$Lambda$408+0x0000023c815a0d48')}
  0x0000023ce71aa9e8: 48bf 4836 | ccfd 3c02 | 0000 4883 | af10 0100 | 0001 e976 | 0000 00e9 | 0000 0000 

  0x0000023ce71aaa04: ;   {metadata(method data for {method} {0x0000023cfdaed1b0} 'apply' '(Ljava/lang/Object;)Ljava/lang/Object;' in 'org/eclipse/jdt/internal/core/builder/ClasspathJrt$$Lambda$408+0x0000023c815a0d48')}
  0x0000023ce71aaa04: 498b c048 | be48 36cc | fd3c 0200 | 0048 8386 | 4801 0000 

  0x0000023ce71aaa18: ;   {metadata(method data for {method} {0x0000023cfdad5078} 'lambda$2' '(Ljava/lang/String;)Ljava/lang/String;' in 'org/eclipse/jdt/internal/core/builder/ClasspathJrt')}
  0x0000023ce71aaa18: 0148 bec0 | 7ebf fd3c | 0200 008b | becc 0000 | 0083 c702 | 89be cc00 | 0000 81e7 | feff 1f00 
  0x0000023ce71aaa38: 83ff 000f | 843d 0000 | 0048 83c4 

  0x0000023ce71aaa44: ;   {poll_return}
  0x0000023ce71aaa44: 305d 493b | a750 0300 | 000f 8749 | 0000 00c3 

  0x0000023ce71aaa54: ;   {metadata({method} {0x0000023cfdaed1b0} 'apply' '(Ljava/lang/Object;)Ljava/lang/Object;' in 'org/eclipse/jdt/internal/core/builder/ClasspathJrt$$Lambda$408+0x0000023c815a0d48')}
  0x0000023ce71aaa54: 49ba a8d1 | aefd 3c02 | 0000 4c89 | 5424 0848 | c704 24ff 

  0x0000023ce71aaa68: ;   {runtime_call counter_overflow Runtime1 stub}
  0x0000023ce71aaa68: ffff ffe8 

  0x0000023ce71aaa6c: ; ImmutableOopMap {rdx=Oop r8=Oop }
                      ;*synchronization entry
                      ; - org.eclipse.jdt.internal.core.builder.ClasspathJrt$$Lambda$408/0x0000023c815a0d48::apply@-1
  0x0000023ce71aaa6c: 10de 5e06 | e99f feff | ff4c 8904 

  0x0000023ce71aaa78: ;   {runtime_call throw_class_cast_exception Runtime1 stub}
  0x0000023ce71aaa78: 24e8 22ae 

  0x0000023ce71aaa7c: ; ImmutableOopMap {}
                      ;*checkcast {reexecute=0 rethrow=0 return_oop=0}
                      ; - org.eclipse.jdt.internal.core.builder.ClasspathJrt$$Lambda$408/0x0000023c815a0d48::apply@1
                      ;   {metadata({method} {0x0000023cfdad5078} 'lambda$2' '(Ljava/lang/String;)Ljava/lang/String;' in 'org/eclipse/jdt/internal/core/builder/ClasspathJrt')}
  0x0000023ce71aaa7c: 5e06 49ba | 7050 adfd | 3c02 0000 | 4c89 5424 | 0848 c704 | 24ff ffff 

  0x0000023ce71aaa94: ;   {runtime_call counter_overflow Runtime1 stub}
  0x0000023ce71aaa94: ffe8 e6dd 

  0x0000023ce71aaa98: ; ImmutableOopMap {rax=Oop }
                      ;*synchronization entry
                      ; - org.eclipse.jdt.internal.core.builder.ClasspathJrt::lambda$2@-1 (line 276)
                      ; - org.eclipse.jdt.internal.core.builder.ClasspathJrt$$Lambda$408/0x0000023c815a0d48::apply@4
  0x0000023ce71aaa98: 5e06 eba5 

  0x0000023ce71aaa9c: ;   {internal_word}
  0x0000023ce71aaa9c: 49ba 46aa | 1ae7 3c02 | 0000 4d89 | 9768 0300 

  0x0000023ce71aaaac: ;   {runtime_call SafepointBlob}
  0x0000023ce71aaaac: 00e9 4ecc | 5406 9090 | 498b 87e0 | 0300 0049 | c787 e003 | 0000 0000 | 0000 49c7 | 87e8 0300 
  0x0000023ce71aaacc: 0000 0000 | 0048 83c4 

  0x0000023ce71aaad4: ;   {runtime_call unwind_exception Runtime1 stub}
  0x0000023ce71aaad4: 305d e9a5 | 9a55 06f4 | f4f4 f4f4 
[Exception Handler]
  0x0000023ce71aaae0: ;   {no_reloc}
  0x0000023ce71aaae0: e89b a75e 

  0x0000023ce71aaae4: ;   {external_word}
  0x0000023ce71aaae4: 0648 b940 | 9a0b ddf8 | 7f00 0048 

  0x0000023ce71aaaf0: ;   {runtime_call}
  0x0000023ce71aaaf0: 83e4 f049 | ba60 2fd4 | dcf8 7f00 | 0041 ffd2 

  0x0000023ce71aab00: ;   {section_word}
  0x0000023ce71aab00: f449 ba01 | ab1a e73c | 0200 0041 

  0x0000023ce71aab0c: ;   {runtime_call DeoptimizationBlob}
  0x0000023ce71aab0c: 52e9 8ebe | 5406 f4f4 | f4f4 f4f4 
[/MachCode]


---------------  P R O C E S S  ---------------

Threads class SMR info:
_java_thread_list=0x0000023cff16a410, length=51, elements={
0x0000023cde77f500, 0x0000023cf8776270, 0x0000023cf8777f40, 0x0000023cf877e960,
0x0000023cf877f490, 0x0000023cf8784f80, 0x0000023cf87a8bc0, 0x0000023cf87aeb00,
0x0000023cf87b6e80, 0x0000023cf87ce910, 0x0000023cde7e3d00, 0x0000023cff03e240,
0x0000023cc1001490, 0x0000023cc1335d80, 0x0000023cc15fb650, 0x0000023cc18b29a0,
0x0000023cc12a5f60, 0x0000023cdc475d80, 0x0000023cdc476cb0, 0x0000023cdc4776d0,
0x0000023cdc474430, 0x0000023cc3ff1770, 0x0000023cc3fee9e0, 0x0000023cc3ff4500,
0x0000023cdc474e50, 0x0000023cc3ff4f20, 0x0000023cc3ff35d0, 0x0000023cc3fefe20,
0x0000023cc3ff0d50, 0x0000023cc3ff4a10, 0x0000023cc760c550, 0x0000023cc5e62620,
0x0000023cd4fc0920, 0x0000023cd4fbf4e0, 0x0000023cd4fbe0a0, 0x0000023cd4fba8f0,
0x0000023cd4fbefd0, 0x0000023cd4fbbd30, 0x0000023cd4fbc240, 0x0000023cd4fbcc60,
0x0000023cd4fbd680, 0x0000023cd4fbdb90, 0x0000023cc3fef400, 0x0000023cc3ff26a0,
0x0000023cc3ff30c0, 0x0000023cc3ff0330, 0x0000023cc3ff5940, 0x0000023cc760e3b0,
0x0000023cc760b620, 0x0000023cc5e64480, 0x0000023cc6d00a00
}

Java Threads: ( => current thread )
  0x0000023cde77f500 JavaThread "main" [_thread_blocked, id=35536, stack(0x000000c19de00000,0x000000c19df00000)]
  0x0000023cf8776270 JavaThread "Reference Handler" daemon [_thread_blocked, id=28024, stack(0x000000c19e100000,0x000000c19e200000)]
  0x0000023cf8777f40 JavaThread "Finalizer" daemon [_thread_blocked, id=29328, stack(0x000000c19e200000,0x000000c19e300000)]
  0x0000023cf877e960 JavaThread "Signal Dispatcher" daemon [_thread_blocked, id=33032, stack(0x000000c19e300000,0x000000c19e400000)]
  0x0000023cf877f490 JavaThread "Attach Listener" daemon [_thread_blocked, id=17328, stack(0x000000c19e400000,0x000000c19e500000)]
  0x0000023cf8784f80 JavaThread "Service Thread" daemon [_thread_blocked, id=13456, stack(0x000000c19e500000,0x000000c19e600000)]
  0x0000023cf87a8bc0 JavaThread "Monitor Deflation Thread" daemon [_thread_blocked, id=30784, stack(0x000000c19e600000,0x000000c19e700000)]
  0x0000023cf87aeb00 JavaThread "C2 CompilerThread0" daemon [_thread_blocked, id=12400, stack(0x000000c19e700000,0x000000c19e800000)]
  0x0000023cf87b6e80 JavaThread "C1 CompilerThread0" daemon [_thread_blocked, id=31928, stack(0x000000c19e800000,0x000000c19e900000)]
  0x0000023cf87ce910 JavaThread "Sweeper thread" daemon [_thread_blocked, id=30804, stack(0x000000c19e900000,0x000000c19ea00000)]
  0x0000023cde7e3d00 JavaThread "Common-Cleaner" daemon [_thread_blocked, id=33968, stack(0x000000c19ea00000,0x000000c19eb00000)]
  0x0000023cff03e240 JavaThread "Notification Thread" daemon [_thread_blocked, id=35112, stack(0x000000c19f000000,0x000000c19f100000)]
  0x0000023cc1001490 JavaThread "Active Thread: Equinox Container: 2ae55e50-4c0a-4220-9e84-8ee59ee8f31c" [_thread_blocked, id=22004, stack(0x000000c19f900000,0x000000c19fa00000)]
  0x0000023cc1335d80 JavaThread "Framework Event Dispatcher: Equinox Container: 2ae55e50-4c0a-4220-9e84-8ee59ee8f31c" daemon [_thread_blocked, id=33160, stack(0x000000c19fa00000,0x000000c19fb00000)]
  0x0000023cc15fb650 JavaThread "Start Level: Equinox Container: 2ae55e50-4c0a-4220-9e84-8ee59ee8f31c" daemon [_thread_blocked, id=22076, stack(0x000000c19fb00000,0x000000c19fc00000)]
  0x0000023cc18b29a0 JavaThread "Bundle File Closer" daemon [_thread_blocked, id=30380, stack(0x000000c19fe00000,0x000000c19ff00000)]
  0x0000023cc12a5f60 JavaThread "SCR Component Actor" daemon [_thread_blocked, id=29296, stack(0x000000c19ff00000,0x000000c1a0000000)]
  0x0000023cdc475d80 JavaThread "Worker-JM" [_thread_blocked, id=27736, stack(0x000000c1a0400000,0x000000c1a0500000)]
  0x0000023cdc476cb0 JavaThread "Java indexing" daemon [_thread_blocked, id=11428, stack(0x000000c1a0b00000,0x000000c1a0c00000)]
  0x0000023cdc4776d0 JavaThread "JNA Cleaner" daemon [_thread_blocked, id=36280, stack(0x000000c1a0c00000,0x000000c1a0d00000)]
  0x0000023cdc474430 JavaThread "pool-2-thread-1" [_thread_blocked, id=29028, stack(0x000000c1a0f00000,0x000000c1a1000000)]
  0x0000023cc3ff1770 JavaThread "WorkspaceEventsHandler" [_thread_blocked, id=33144, stack(0x000000c19f300000,0x000000c19f400000)]
  0x0000023cc3fee9e0 JavaThread "pool-1-thread-1" [_thread_in_native, id=25684, stack(0x000000c1a1000000,0x000000c1a1100000)]
  0x0000023cc3ff4500 JavaThread "ForkJoinPool.commonPool-worker-6" daemon [_thread_blocked, id=9040, stack(0x000000c1a1e00000,0x000000c1a1f00000)]
  0x0000023cdc474e50 JavaThread "JGit-WorkQueue" daemon [_thread_blocked, id=31952, stack(0x000000c1a1400000,0x000000c1a1500000)]
  0x0000023cc3ff4f20 JavaThread "Worker-8" [_thread_blocked, id=29612, stack(0x000000c19ec00000,0x000000c19ed00000)]
  0x0000023cc3ff35d0 JavaThread "ForkJoinPool.commonPool-worker-11" daemon [_thread_blocked, id=33272, stack(0x000000c19ef00000,0x000000c19f000000)]
  0x0000023cc3fefe20 JavaThread "ForkJoinPool.commonPool-worker-12" daemon [_thread_blocked, id=31664, stack(0x000000c19f200000,0x000000c19f300000)]
  0x0000023cc3ff0d50 JavaThread "ForkJoinPool.commonPool-worker-13" daemon [_thread_blocked, id=27668, stack(0x000000c1a1500000,0x000000c1a1600000)]
  0x0000023cc3ff4a10 JavaThread "ForkJoinPool.commonPool-worker-14" daemon [_thread_blocked, id=31892, stack(0x000000c1a1300000,0x000000c1a1400000)]
  0x0000023cc760c550 JavaThread "ForkJoinPool.commonPool-worker-16" daemon [_thread_blocked, id=26056, stack(0x000000c1a1900000,0x000000c1a1a00000)]
  0x0000023cc5e62620 JavaThread "ForkJoinPool.commonPool-worker-22" daemon [_thread_blocked, id=34384, stack(0x000000c1a2600000,0x000000c1a2700000)]
  0x0000023cd4fc0920 JavaThread "JGit-WorkQueue" daemon [_thread_blocked, id=4784, stack(0x000000c1a2f00000,0x000000c1a3000000)]
  0x0000023cd4fbf4e0 JavaThread "ForkJoinPool.commonPool-worker-25" daemon [_thread_blocked, id=28784, stack(0x000000c19ee00000,0x000000c19ef00000)]
  0x0000023cd4fbe0a0 JavaThread "Worker-21" [_thread_blocked, id=448, stack(0x000000c1a1600000,0x000000c1a1700000)]
  0x0000023cd4fba8f0 JavaThread "ForkJoinPool.commonPool-worker-26" daemon [_thread_blocked, id=2012, stack(0x000000c1a1700000,0x000000c1a1800000)]
  0x0000023cd4fbefd0 JavaThread "ForkJoinPool.commonPool-worker-27" daemon [_thread_blocked, id=34032, stack(0x000000c1a1800000,0x000000c1a1900000)]
  0x0000023cd4fbbd30 JavaThread "ForkJoinPool.commonPool-worker-28" daemon [_thread_blocked, id=33948, stack(0x000000c1a1a00000,0x000000c1a1b00000)]
  0x0000023cd4fbc240 JavaThread "ForkJoinPool.commonPool-worker-29" daemon [_thread_blocked, id=24404, stack(0x000000c1a0100000,0x000000c1a0200000)]
  0x0000023cd4fbcc60 JavaThread "ForkJoinPool.commonPool-worker-31" daemon [_thread_blocked, id=26644, stack(0x000000c1a0600000,0x000000c1a0700000)]
  0x0000023cd4fbd680 JavaThread "ForkJoinPool.commonPool-worker-32" daemon [_thread_blocked, id=30384, stack(0x000000c1a0d00000,0x000000c1a0e00000)]
  0x0000023cd4fbdb90 JavaThread "ForkJoinPool.commonPool-worker-33" daemon [_thread_blocked, id=26756, stack(0x000000c1a0e00000,0x000000c1a0f00000)]
  0x0000023cc3fef400 JavaThread "ForkJoinPool.commonPool-worker-34" daemon [_thread_blocked, id=30868, stack(0x000000c1a1100000,0x000000c1a1200000)]
  0x0000023cc3ff26a0 JavaThread "ForkJoinPool.commonPool-worker-35" daemon [_thread_blocked, id=30360, stack(0x000000c1a1200000,0x000000c1a1300000)]
  0x0000023cc3ff30c0 JavaThread "ForkJoinPool.commonPool-worker-36" daemon [_thread_blocked, id=36160, stack(0x000000c1a1b00000,0x000000c1a1c00000)]
  0x0000023cc3ff0330 JavaThread "Worker-22" [_thread_blocked, id=10360, stack(0x000000c19eb00000,0x000000c19ec00000)]
=>0x0000023cc3ff5940 JavaThread "Worker-23: Building" [_thread_in_Java, id=36756, stack(0x000000c1a1c00000,0x000000c1a1d00000)]
  0x0000023cc760e3b0 JavaThread "Worker-24" [_thread_blocked, id=12924, stack(0x000000c1a2400000,0x000000c1a2500000)]
  0x0000023cc760b620 JavaThread "Worker-25" [_thread_blocked, id=8912, stack(0x000000c1a2000000,0x000000c1a2100000)]
  0x0000023cc5e64480 JavaThread "ForkJoinPool.commonPool-worker-37" daemon [_thread_blocked, id=15324, stack(0x000000c19ed00000,0x000000c19ee00000)]
  0x0000023cc6d00a00 JavaThread "C1 CompilerThread1" daemon [_thread_blocked, id=23836, stack(0x000000c1a1d00000,0x000000c1a1e00000)]

Other Threads:
  0x0000023cf8772b80 VMThread "VM Thread" [stack: 0x000000c19e000000,0x000000c19e100000] [id=33812] _threads_hazard_ptr=0x0000023cff16a410
  0x0000023cff062780 WatcherThread [stack: 0x000000c19f100000,0x000000c19f200000] [id=33088]
  0x0000023cde795e60 GCTaskThread "GC Thread#0" [stack: 0x000000c19df00000,0x000000c19e000000] [id=5056]
  0x0000023cff39d9f0 GCTaskThread "GC Thread#1" [stack: 0x000000c19f400000,0x000000c19f500000] [id=29384]
  0x0000023cc105e7c0 GCTaskThread "GC Thread#2" [stack: 0x000000c19f500000,0x000000c19f600000] [id=28800]
  0x0000023cc105ea80 GCTaskThread "GC Thread#3" [stack: 0x000000c19f600000,0x000000c19f700000] [id=34272]
  0x0000023cff322660 GCTaskThread "GC Thread#4" [stack: 0x000000c19f700000,0x000000c19f800000] [id=33856]
  0x0000023cff322920 GCTaskThread "GC Thread#5" [stack: 0x000000c19f800000,0x000000c19f900000] [id=4984]
  0x0000023cff6f6590 GCTaskThread "GC Thread#6" [stack: 0x000000c19fc00000,0x000000c19fd00000] [id=36248]
  0x0000023cc11230d0 GCTaskThread "GC Thread#7" [stack: 0x000000c19fd00000,0x000000c19fe00000] [id=25656]
  0x0000023cc17c3d00 GCTaskThread "GC Thread#8" [stack: 0x000000c1a0000000,0x000000c1a0100000] [id=30192]
  0x0000023cc1769df0 GCTaskThread "GC Thread#9" [stack: 0x000000c1a0200000,0x000000c1a0300000] [id=25956]
  0x0000023cc176b5b0 GCTaskThread "GC Thread#10" [stack: 0x000000c1a0300000,0x000000c1a0400000] [id=29988]
  0x0000023cc15f5f80 GCTaskThread "GC Thread#11" [stack: 0x000000c1a0700000,0x000000c1a0800000] [id=4808]
  0x0000023cc15f6240 GCTaskThread "GC Thread#12" [stack: 0x000000c1a0800000,0x000000c1a0900000] [id=11956]
  0x0000023cc1c5dac0 GCTaskThread "GC Thread#13" [stack: 0x000000c1a0900000,0x000000c1a0a00000] [id=29380]
  0x0000023cc1c5f0c0 GCTaskThread "GC Thread#14" [stack: 0x000000c1a0a00000,0x000000c1a0b00000] [id=36588]

Threads with active compile tasks:

VM state: synchronizing (normal execution)

VM Mutex/Monitor currently owned by a thread:  ([mutex/lock_event])
[0x0000023cde7688a0] Threads_lock - owner thread: 0x0000023cf8772b80
[0x0000023cde768e40] Heap_lock - owner thread: 0x0000023cdc476cb0

Heap address: 0x00000000c0000000, size: 1024 MB, Compressed Oops mode: 32-bit

CDS archive(s) mapped at: [0x0000023c80000000-0x0000023c80ba0000-0x0000023c80ba0000), size 12189696, SharedBaseAddress: 0x0000023c80000000, ArchiveRelocationMode: 1.
Compressed class space mapped at: 0x0000023c81000000-0x0000023cc1000000, reserved size: 1073741824
Narrow klass base: 0x0000023c80000000, Narrow klass shift: 0, Narrow klass range: 0x100000000

GC Precious Log:
 CPUs: 20 total, 20 available
 Memory: 32509M
 Large Page Support: Disabled
 NUMA Support: Disabled
 Compressed Oops: Enabled (32-bit)
 Alignments: Space 512K, Generation 512K, Heap 2M
 Heap Min Capacity: 100M
 Heap Initial Capacity: 100M
 Heap Max Capacity: 1G
 Pre-touch: Disabled
 Parallel Workers: 15

Heap:
 PSYoungGen      total 13824K, used 13446K [0x00000000eab00000, 0x00000000ec580000, 0x0000000100000000)
  eden space 7680K, 99% used [0x00000000eab00000,0x00000000eb278640,0x00000000eb280000)
  from space 6144K, 94% used [0x00000000eb280000,0x00000000eb829210,0x00000000eb880000)
  to   space 9728K, 0% used [0x00000000ebc00000,0x00000000ebc00000,0x00000000ec580000)
 ParOldGen       total 313856K, used 271524K [0x00000000c0000000, 0x00000000d3280000, 0x00000000eab00000)
  object space 313856K, 86% used [0x00000000c0000000,0x00000000d0929250,0x00000000d3280000)
 Metaspace       used 89423K, committed 90688K, reserved 1179648K
  class space    used 8927K, committed 9472K, reserved 1048576K

Card table byte_map: [0x0000023cde100000,0x0000023cde310000] _byte_map_base: 0x0000023cddb00000

Marking Bits: (ParMarkBitMap*) 0x00007ff8dd32d0b0
 Begin Bits: [0x0000023cf5250000, 0x0000023cf6250000)
 End Bits:   [0x0000023cf6250000, 0x0000023cf7250000)

Polling page: 0x0000023cddef0000

Metaspace:

Usage:
  Non-class:     78.61 MB used.
      Class:      8.72 MB used.
       Both:     87.33 MB used.

Virtual space:
  Non-class space:      128.00 MB reserved,      79.31 MB ( 62%) committed,  2 nodes.
      Class space:        1.00 GB reserved,       9.25 MB ( <1%) committed,  1 nodes.
             Both:        1.12 GB reserved,      88.56 MB (  8%) committed. 

Chunk freelists:
   Non-Class:  384.00 KB
       Class:  6.64 MB
        Both:  7.02 MB

MaxMetaspaceSize: unlimited
CompressedClassSpaceSize: 1.00 GB
Initial GC threshold: 21.00 MB
Current GC threshold: 144.19 MB
CDS: on
MetaspaceReclaimPolicy: balanced
 - commit_granule_bytes: 65536.
 - commit_granule_words: 8192.
 - virtual_space_node_default_size: 8388608.
 - enlarge_chunks_in_place: 1.
 - new_chunks_are_fully_committed: 0.
 - uncommit_free_chunks: 1.
 - use_allocation_guard: 0.
 - handle_deallocations: 1.


Internal statistics:

num_allocs_failed_limit: 6.
num_arena_births: 1206.
num_arena_deaths: 410.
num_vsnodes_births: 3.
num_vsnodes_deaths: 0.
num_space_committed: 1421.
num_space_uncommitted: 4.
num_chunks_returned_to_freelist: 532.
num_chunks_taken_from_freelist: 5348.
num_chunk_merges: 196.
num_chunk_splits: 3245.
num_chunks_enlarged: 1980.
num_inconsistent_stats: 0.

CodeHeap 'non-profiled nmethods': size=119168Kb used=19305Kb max_used=19305Kb free=99862Kb
 bounds [0x0000023ceddf0000, 0x0000023cef120000, 0x0000023cf5250000]
CodeHeap 'profiled nmethods': size=119104Kb used=38112Kb max_used=39307Kb free=80992Kb
 bounds [0x0000023ce6250000, 0x0000023ce88d0000, 0x0000023ced6a0000]
CodeHeap 'non-nmethods': size=7488Kb used=2010Kb max_used=3240Kb free=5477Kb
 bounds [0x0000023ced6a0000, 0x0000023ced9e0000, 0x0000023ceddf0000]
 total_blobs=18040 nmethods=17243 adapters=705
 compilation: enabled
              stopped_count=0, restarted_count=0
 full_count=0

Compilation events (20 events):
Event: 1450.800 Thread 0x0000023cf87aeb00 22485       4       org.eclipse.jdt.internal.core.util.ReferenceInfoAdapter::acceptUnknownReference (1 bytes)
Event: 1450.801 Thread 0x0000023cf87aeb00 nmethod 22485 0x0000023cee8c6a10 code [0x0000023cee8c6b80, 0x0000023cee8c6bf8]
Event: 1450.801 Thread 0x0000023cf87b6e80 22486       3       org.eclipse.jdt.internal.core.util.Util::equalArraysOrNull (72 bytes)
Event: 1450.801 Thread 0x0000023cc6d00a00 22487       3       org.eclipse.jdt.internal.core.SourceMethod::equals (38 bytes)
Event: 1450.802 Thread 0x0000023cf87b6e80 nmethod 22486 0x0000023ce6da2590 code [0x0000023ce6da2780, 0x0000023ce6da2ce8]
Event: 1450.802 Thread 0x0000023cc6d00a00 nmethod 22487 0x0000023ce6da1a90 code [0x0000023ce6da1c80, 0x0000023ce6da2458]
Event: 1450.803 Thread 0x0000023cc6d00a00 22488       3       org.eclipse.jdt.core.ICompilationUnit::getOptions (48 bytes)
Event: 1450.803 Thread 0x0000023cf87b6e80 22489       3       org.eclipse.jdt.ls.core.internal.DocumentAdapter::getCharacters (18 bytes)
Event: 1450.803 Thread 0x0000023cf87aeb00 22490       4       org.eclipse.jdt.internal.compiler.SourceElementParser::getTypeReference (765 bytes)
Event: 1450.803 Thread 0x0000023cf87b6e80 nmethod 22489 0x0000023ce6da1210 code [0x0000023ce6da1400, 0x0000023ce6da18e8]
Event: 1450.803 Thread 0x0000023cc6d00a00 nmethod 22488 0x0000023ce7634290 code [0x0000023ce76344e0, 0x0000023ce76351e8]
Event: 1450.804 Thread 0x0000023cc6d00a00 22491       3       org.eclipse.jdt.internal.core.CompilationUnitStructureRequestor::acceptAnnotation (207 bytes)
Event: 1450.804 Thread 0x0000023cf87b6e80 22492       3       org.eclipse.jdt.internal.core.CompilationUnitStructureRequestor::getMemberValuePair (36 bytes)
Event: 1450.804 Thread 0x0000023cf87b6e80 nmethod 22492 0x0000023ce7633b10 code [0x0000023ce7633ce0, 0x0000023ce76340d8]
Event: 1450.804 Thread 0x0000023cf87b6e80 22493       3       org.eclipse.jdt.internal.compiler.SourceElementNotifier::getThrownExceptions (9 bytes)
Event: 1450.804 Thread 0x0000023cf87b6e80 nmethod 22493 0x0000023ce6da0d90 code [0x0000023ce6da0f40, 0x0000023ce6da1088]
Event: 1450.804 Thread 0x0000023cf87b6e80 22494       3       org.eclipse.jdt.internal.compiler.ast.CompilationUnitDeclaration::hasFunctionalTypes (8 bytes)
Event: 1450.804 Thread 0x0000023cf87b6e80 nmethod 22494 0x0000023ce7633790 code [0x0000023ce7633920, 0x0000023ce7633a38]
Event: 1450.804 Thread 0x0000023cc6d00a00 nmethod 22491 0x0000023ce76f9e10 code [0x0000023ce76fa0e0, 0x0000023ce76fb648]
Event: 1450.818 Thread 0x0000023cf87aeb00 nmethod 22490 0x0000023cee9e7d10 code [0x0000023cee9e7fc0, 0x0000023cee9e92e0]

GC Heap History (20 events):
Event: 1447.211 GC heap before
{Heap before GC invocations=2236 (full 45):
 PSYoungGen      total 16896K, used 16839K [0x00000000eab00000, 0x00000000ebe00000, 0x0000000100000000)
  eden space 15360K, 100% used [0x00000000eab00000,0x00000000eba00000,0x00000000eba00000)
  from space 1536K, 96% used [0x00000000eba00000,0x00000000ebb71f10,0x00000000ebb80000)
  to   space 2048K, 0% used [0x00000000ebc00000,0x00000000ebc00000,0x00000000ebe00000)
 ParOldGen       total 313856K, used 256987K [0x00000000c0000000, 0x00000000d3280000, 0x00000000eab00000)
  object space 313856K, 81% used [0x00000000c0000000,0x00000000cfaf6cc0,0x00000000d3280000)
 Metaspace       used 88494K, committed 89792K, reserved 1179648K
  class space    used 8837K, committed 9408K, reserved 1048576K
}
Event: 1447.212 GC heap after
{Heap after GC invocations=2236 (full 45):
 PSYoungGen      total 17408K, used 1570K [0x00000000eab00000, 0x00000000ebe00000, 0x0000000100000000)
  eden space 15360K, 0% used [0x00000000eab00000,0x00000000eab00000,0x00000000eba00000)
  from space 2048K, 76% used [0x00000000ebc00000,0x00000000ebd88810,0x00000000ebe00000)
  to   space 2048K, 0% used [0x00000000eba00000,0x00000000eba00000,0x00000000ebc00000)
 ParOldGen       total 313856K, used 256995K [0x00000000c0000000, 0x00000000d3280000, 0x00000000eab00000)
  object space 313856K, 81% used [0x00000000c0000000,0x00000000cfaf8cc0,0x00000000d3280000)
 Metaspace       used 88494K, committed 89792K, reserved 1179648K
  class space    used 8837K, committed 9408K, reserved 1048576K
}
Event: 1447.309 GC heap before
{Heap before GC invocations=2237 (full 45):
 PSYoungGen      total 17408K, used 16930K [0x00000000eab00000, 0x00000000ebe00000, 0x0000000100000000)
  eden space 15360K, 100% used [0x00000000eab00000,0x00000000eba00000,0x00000000eba00000)
  from space 2048K, 76% used [0x00000000ebc00000,0x00000000ebd88810,0x00000000ebe00000)
  to   space 2048K, 0% used [0x00000000eba00000,0x00000000eba00000,0x00000000ebc00000)
 ParOldGen       total 313856K, used 256995K [0x00000000c0000000, 0x00000000d3280000, 0x00000000eab00000)
  object space 313856K, 81% used [0x00000000c0000000,0x00000000cfaf8cc0,0x00000000d3280000)
 Metaspace       used 88551K, committed 89856K, reserved 1179648K
  class space    used 8837K, committed 9408K, reserved 1048576K
}
Event: 1447.309 GC heap after
{Heap after GC invocations=2237 (full 45):
 PSYoungGen      total 17408K, used 1847K [0x00000000eab00000, 0x00000000ebe00000, 0x0000000100000000)
  eden space 15360K, 0% used [0x00000000eab00000,0x00000000eab00000,0x00000000eba00000)
  from space 2048K, 90% used [0x00000000eba00000,0x00000000ebbcdf00,0x00000000ebc00000)
  to   space 2048K, 0% used [0x00000000ebc00000,0x00000000ebc00000,0x00000000ebe00000)
 ParOldGen       total 313856K, used 256995K [0x00000000c0000000, 0x00000000d3280000, 0x00000000eab00000)
  object space 313856K, 81% used [0x00000000c0000000,0x00000000cfaf8cc0,0x00000000d3280000)
 Metaspace       used 88551K, committed 89856K, reserved 1179648K
  class space    used 8837K, committed 9408K, reserved 1048576K
}
Event: 1447.752 GC heap before
{Heap before GC invocations=2238 (full 45):
 PSYoungGen      total 17408K, used 17207K [0x00000000eab00000, 0x00000000ebe00000, 0x0000000100000000)
  eden space 15360K, 100% used [0x00000000eab00000,0x00000000eba00000,0x00000000eba00000)
  from space 2048K, 90% used [0x00000000eba00000,0x00000000ebbcdf00,0x00000000ebc00000)
  to   space 2048K, 0% used [0x00000000ebc00000,0x00000000ebc00000,0x00000000ebe00000)
 ParOldGen       total 313856K, used 256995K [0x00000000c0000000, 0x00000000d3280000, 0x00000000eab00000)
  object space 313856K, 81% used [0x00000000c0000000,0x00000000cfaf8cc0,0x00000000d3280000)
 Metaspace       used 88575K, committed 89856K, reserved 1179648K
  class space    used 8838K, committed 9408K, reserved 1048576K
}
Event: 1447.753 GC heap after
{Heap after GC invocations=2238 (full 45):
 PSYoungGen      total 16384K, used 2035K [0x00000000eab00000, 0x00000000ec000000, 0x0000000100000000)
  eden space 14336K, 0% used [0x00000000eab00000,0x00000000eab00000,0x00000000eb900000)
  from space 2048K, 99% used [0x00000000ebc00000,0x00000000ebdfcd10,0x00000000ebe00000)
  to   space 3072K, 0% used [0x00000000eb900000,0x00000000eb900000,0x00000000ebc00000)
 ParOldGen       total 313856K, used 257460K [0x00000000c0000000, 0x00000000d3280000, 0x00000000eab00000)
  object space 313856K, 82% used [0x00000000c0000000,0x00000000cfb6d0c0,0x00000000d3280000)
 Metaspace       used 88575K, committed 89856K, reserved 1179648K
  class space    used 8838K, committed 9408K, reserved 1048576K
}
Event: 1448.169 GC heap before
{Heap before GC invocations=2239 (full 45):
 PSYoungGen      total 16384K, used 16371K [0x00000000eab00000, 0x00000000ec000000, 0x0000000100000000)
  eden space 14336K, 100% used [0x00000000eab00000,0x00000000eb900000,0x00000000eb900000)
  from space 2048K, 99% used [0x00000000ebc00000,0x00000000ebdfcd10,0x00000000ebe00000)
  to   space 3072K, 0% used [0x00000000eb900000,0x00000000eb900000,0x00000000ebc00000)
 ParOldGen       total 313856K, used 257460K [0x00000000c0000000, 0x00000000d3280000, 0x00000000eab00000)
  object space 313856K, 82% used [0x00000000c0000000,0x00000000cfb6d0c0,0x00000000d3280000)
 Metaspace       used 88683K, committed 89984K, reserved 1179648K
  class space    used 8853K, committed 9408K, reserved 1048576K
}
Event: 1448.171 GC heap after
{Heap after GC invocations=2239 (full 45):
 PSYoungGen      total 17408K, used 3030K [0x00000000eab00000, 0x00000000ec000000, 0x0000000100000000)
  eden space 14336K, 0% used [0x00000000eab00000,0x00000000eab00000,0x00000000eb900000)
  from space 3072K, 98% used [0x00000000eb900000,0x00000000ebbf5a10,0x00000000ebc00000)
  to   space 3584K, 0% used [0x00000000ebc80000,0x00000000ebc80000,0x00000000ec000000)
 ParOldGen       total 313856K, used 258072K [0x00000000c0000000, 0x00000000d3280000, 0x00000000eab00000)
  object space 313856K, 82% used [0x00000000c0000000,0x00000000cfc060d0,0x00000000d3280000)
 Metaspace       used 88683K, committed 89984K, reserved 1179648K
  class space    used 8853K, committed 9408K, reserved 1048576K
}
Event: 1448.305 GC heap before
{Heap before GC invocations=2240 (full 45):
 PSYoungGen      total 17408K, used 17366K [0x00000000eab00000, 0x00000000ec000000, 0x0000000100000000)
  eden space 14336K, 100% used [0x00000000eab00000,0x00000000eb900000,0x00000000eb900000)
  from space 3072K, 98% used [0x00000000eb900000,0x00000000ebbf5a10,0x00000000ebc00000)
  to   space 3584K, 0% used [0x00000000ebc80000,0x00000000ebc80000,0x00000000ec000000)
 ParOldGen       total 313856K, used 258072K [0x00000000c0000000, 0x00000000d3280000, 0x00000000eab00000)
  object space 313856K, 82% used [0x00000000c0000000,0x00000000cfc060d0,0x00000000d3280000)
 Metaspace       used 88909K, committed 90176K, reserved 1179648K
  class space    used 8881K, committed 9408K, reserved 1048576K
}
Event: 1448.307 GC heap after
{Heap after GC invocations=2240 (full 45):
 PSYoungGen      total 17408K, used 3579K [0x00000000eab00000, 0x00000000ec100000, 0x0000000100000000)
  eden space 13824K, 0% used [0x00000000eab00000,0x00000000eab00000,0x00000000eb880000)
  from space 3584K, 99% used [0x00000000ebc80000,0x00000000ebffec20,0x00000000ec000000)
  to   space 4096K, 0% used [0x00000000eb880000,0x00000000eb880000,0x00000000ebc80000)
 ParOldGen       total 313856K, used 258192K [0x00000000c0000000, 0x00000000d3280000, 0x00000000eab00000)
  object space 313856K, 82% used [0x00000000c0000000,0x00000000cfc240d0,0x00000000d3280000)
 Metaspace       used 88909K, committed 90176K, reserved 1179648K
  class space    used 8881K, committed 9408K, reserved 1048576K
}
Event: 1448.588 GC heap before
{Heap before GC invocations=2241 (full 45):
 PSYoungGen      total 17408K, used 17403K [0x00000000eab00000, 0x00000000ec100000, 0x0000000100000000)
  eden space 13824K, 100% used [0x00000000eab00000,0x00000000eb880000,0x00000000eb880000)
  from space 3584K, 99% used [0x00000000ebc80000,0x00000000ebffec20,0x00000000ec000000)
  to   space 4096K, 0% used [0x00000000eb880000,0x00000000eb880000,0x00000000ebc80000)
 ParOldGen       total 313856K, used 258192K [0x00000000c0000000, 0x00000000d3280000, 0x00000000eab00000)
  object space 313856K, 82% used [0x00000000c0000000,0x00000000cfc240d0,0x00000000d3280000)
 Metaspace       used 89018K, committed 90304K, reserved 1179648K
  class space    used 8884K, committed 9408K, reserved 1048576K
}
Event: 1448.590 GC heap after
{Heap after GC invocations=2241 (full 45):
 PSYoungGen      total 17920K, used 4079K [0x00000000eab00000, 0x00000000ec180000, 0x0000000100000000)
  eden space 13824K, 0% used [0x00000000eab00000,0x00000000eab00000,0x00000000eb880000)
  from space 4096K, 99% used [0x00000000eb880000,0x00000000ebc7be20,0x00000000ebc80000)
  to   space 4608K, 0% used [0x00000000ebd00000,0x00000000ebd00000,0x00000000ec180000)
 ParOldGen       total 313856K, used 258505K [0x00000000c0000000, 0x00000000d3280000, 0x00000000eab00000)
  object space 313856K, 82% used [0x00000000c0000000,0x00000000cfc724c0,0x00000000d3280000)
 Metaspace       used 89018K, committed 90304K, reserved 1179648K
  class space    used 8884K, committed 9408K, reserved 1048576K
}
Event: 1448.616 GC heap before
{Heap before GC invocations=2242 (full 45):
 PSYoungGen      total 17920K, used 17903K [0x00000000eab00000, 0x00000000ec180000, 0x0000000100000000)
  eden space 13824K, 100% used [0x00000000eab00000,0x00000000eb880000,0x00000000eb880000)
  from space 4096K, 99% used [0x00000000eb880000,0x00000000ebc7be20,0x00000000ebc80000)
  to   space 4608K, 0% used [0x00000000ebd00000,0x00000000ebd00000,0x00000000ec180000)
 ParOldGen       total 313856K, used 258505K [0x00000000c0000000, 0x00000000d3280000, 0x00000000eab00000)
  object space 313856K, 82% used [0x00000000c0000000,0x00000000cfc724c0,0x00000000d3280000)
 Metaspace       used 89124K, committed 90368K, reserved 1179648K
  class space    used 8891K, committed 9408K, reserved 1048576K
}
Event: 1448.617 GC heap after
{Heap after GC invocations=2242 (full 45):
 PSYoungGen      total 16896K, used 2675K [0x00000000eab00000, 0x00000000ec000000, 0x0000000100000000)
  eden space 13824K, 0% used [0x00000000eab00000,0x00000000eab00000,0x00000000eb880000)
  from space 3072K, 87% used [0x00000000ebd00000,0x00000000ebf9cd10,0x00000000ec000000)
  to   space 3584K, 0% used [0x00000000eb900000,0x00000000eb900000,0x00000000ebc80000)
 ParOldGen       total 313856K, used 259766K [0x00000000c0000000, 0x00000000d3280000, 0x00000000eab00000)
  object space 313856K, 82% used [0x00000000c0000000,0x00000000cfdada60,0x00000000d3280000)
 Metaspace       used 89124K, committed 90368K, reserved 1179648K
  class space    used 8891K, committed 9408K, reserved 1048576K
}
Event: 1450.823 GC heap before
{Heap before GC invocations=2243 (full 45):
 PSYoungGen      total 16896K, used 16499K [0x00000000eab00000, 0x00000000ec000000, 0x0000000100000000)
  eden space 13824K, 100% used [0x00000000eab00000,0x00000000eb880000,0x00000000eb880000)
  from space 3072K, 87% used [0x00000000ebd00000,0x00000000ebf9cd10,0x00000000ec000000)
  to   space 3584K, 0% used [0x00000000eb900000,0x00000000eb900000,0x00000000ebc80000)
 ParOldGen       total 313856K, used 259766K [0x00000000c0000000, 0x00000000d3280000, 0x00000000eab00000)
  object space 313856K, 82% used [0x00000000c0000000,0x00000000cfdada60,0x00000000d3280000)
 Metaspace       used 89423K, committed 90688K, reserved 1179648K
  class space    used 8927K, committed 9472K, reserved 1048576K
}
Event: 1450.826 GC heap after
{Heap after GC invocations=2243 (full 45):
 PSYoungGen      total 17408K, used 3581K [0x00000000eab00000, 0x00000000ecf80000, 0x0000000100000000)
  eden space 13824K, 0% used [0x00000000eab00000,0x00000000eab00000,0x00000000eb880000)
  from space 3584K, 99% used [0x00000000eb900000,0x00000000ebc7f7d0,0x00000000ebc80000)
  to   space 11776K, 0% used [0x00000000ec400000,0x00000000ec400000,0x00000000ecf80000)
 ParOldGen       total 313856K, used 266529K [0x00000000c0000000, 0x00000000d3280000, 0x00000000eab00000)
  object space 313856K, 84% used [0x00000000c0000000,0x00000000d0448530,0x00000000d3280000)
 Metaspace       used 89423K, committed 90688K, reserved 1179648K
  class space    used 8927K, committed 9472K, reserved 1048576K
}
Event: 1450.853 GC heap before
{Heap before GC invocations=2244 (full 45):
 PSYoungGen      total 17408K, used 16808K [0x00000000eab00000, 0x00000000ecf80000, 0x0000000100000000)
  eden space 13824K, 95% used [0x00000000eab00000,0x00000000eb7eaa38,0x00000000eb880000)
  from space 3584K, 99% used [0x00000000eb900000,0x00000000ebc7f7d0,0x00000000ebc80000)
  to   space 11776K, 0% used [0x00000000ec400000,0x00000000ec400000,0x00000000ecf80000)
 ParOldGen       total 313856K, used 266529K [0x00000000c0000000, 0x00000000d3280000, 0x00000000eab00000)
  object space 313856K, 84% used [0x00000000c0000000,0x00000000d0448530,0x00000000d3280000)
 Metaspace       used 89423K, committed 90688K, reserved 1179648K
  class space    used 8927K, committed 9472K, reserved 1048576K
}
Event: 1450.861 GC heap after
{Heap after GC invocations=2244 (full 45):
 PSYoungGen      total 19456K, used 11765K [0x00000000eab00000, 0x00000000edb80000, 0x0000000100000000)
  eden space 7680K, 0% used [0x00000000eab00000,0x00000000eab00000,0x00000000eb280000)
  from space 11776K, 99% used [0x00000000ec400000,0x00000000ecf7d5a0,0x00000000ecf80000)
  to   space 17920K, 0% used [0x00000000eb280000,0x00000000eb280000,0x00000000ec400000)
 ParOldGen       total 313856K, used 271078K [0x00000000c0000000, 0x00000000d3280000, 0x00000000eab00000)
  object space 313856K, 86% used [0x00000000c0000000,0x00000000d08b9ad0,0x00000000d3280000)
 Metaspace       used 89423K, committed 90688K, reserved 1179648K
  class space    used 8927K, committed 9472K, reserved 1048576K
}
Event: 1450.897 GC heap before
{Heap before GC invocations=2245 (full 45):
 PSYoungGen      total 19456K, used 19445K [0x00000000eab00000, 0x00000000edb80000, 0x0000000100000000)
  eden space 7680K, 100% used [0x00000000eab00000,0x00000000eb280000,0x00000000eb280000)
  from space 11776K, 99% used [0x00000000ec400000,0x00000000ecf7d5a0,0x00000000ecf80000)
  to   space 17920K, 0% used [0x00000000eb280000,0x00000000eb280000,0x00000000ec400000)
 ParOldGen       total 313856K, used 271078K [0x00000000c0000000, 0x00000000d3280000, 0x00000000eab00000)
  object space 313856K, 86% used [0x00000000c0000000,0x00000000d08b9ad0,0x00000000d3280000)
 Metaspace       used 89423K, committed 90688K, reserved 1179648K
  class space    used 8927K, committed 9472K, reserved 1048576K
}
Event: 1450.900 GC heap after
{Heap after GC invocations=2245 (full 45):
 PSYoungGen      total 13824K, used 5796K [0x00000000eab00000, 0x00000000ec580000, 0x0000000100000000)
  eden space 7680K, 0% used [0x00000000eab00000,0x00000000eab00000,0x00000000eb280000)
  from space 6144K, 94% used [0x00000000eb280000,0x00000000eb829210,0x00000000eb880000)
  to   space 9728K, 0% used [0x00000000ebc00000,0x00000000ebc00000,0x00000000ec580000)
 ParOldGen       total 313856K, used 271524K [0x00000000c0000000, 0x00000000d3280000, 0x00000000eab00000)
  object space 313856K, 86% used [0x00000000c0000000,0x00000000d0929250,0x00000000d3280000)
 Metaspace       used 89423K, committed 90688K, reserved 1179648K
  class space    used 8927K, committed 9472K, reserved 1048576K
}

Dll operation events (12 events):
Event: 0.006 Loaded shared library c:\Users\luciano\AppData\Roaming\Code\User\globalStorage\pleiades.java-extension-pack-jdk\java\17\bin\java.dll
Event: 0.020 Loaded shared library c:\Users\luciano\AppData\Roaming\Code\User\globalStorage\pleiades.java-extension-pack-jdk\java\17\bin\jsvml.dll
Event: 0.057 Loaded shared library c:\Users\luciano\AppData\Roaming\Code\User\globalStorage\pleiades.java-extension-pack-jdk\java\17\bin\zip.dll
Event: 0.059 Loaded shared library C:\Users\luciano\AppData\Roaming\Code\User\globalStorage\pleiades.java-extension-pack-jdk\java\17\bin\instrument.dll
Event: 0.063 Loaded shared library C:\Users\luciano\AppData\Roaming\Code\User\globalStorage\pleiades.java-extension-pack-jdk\java\17\bin\net.dll
Event: 0.064 Loaded shared library C:\Users\luciano\AppData\Roaming\Code\User\globalStorage\pleiades.java-extension-pack-jdk\java\17\bin\nio.dll
Event: 0.067 Loaded shared library C:\Users\luciano\AppData\Roaming\Code\User\globalStorage\pleiades.java-extension-pack-jdk\java\17\bin\zip.dll
Event: 0.074 Loaded shared library C:\Users\luciano\AppData\Roaming\Code\User\globalStorage\pleiades.java-extension-pack-jdk\java\17\bin\jimage.dll
Event: 0.106 Loaded shared library c:\Users\luciano\AppData\Roaming\Code\User\globalStorage\pleiades.java-extension-pack-jdk\java\17\bin\verify.dll
Event: 0.707 Loaded shared library C:\Users\luciano\AppData\Roaming\Code\User\globalStorage\redhat.java\1.24.0\config_win\org.eclipse.equinox.launcher\org.eclipse.equinox.launcher.win32.win32.x86_64_1.2.700.v20221108-1024\eclipse_11801.dll
Event: 2.003 Loaded shared library C:\Users\luciano\AppData\Local\Temp\jna-103324306\jna1432244283710277756.dll
Event: 555.180 Loaded shared library C:\Users\luciano\AppData\Roaming\Code\User\globalStorage\pleiades.java-extension-pack-jdk\java\17\bin\sunmscapi.dll

Deoptimization events (20 events):
Event: 1450.749 Thread 0x0000023cd4fbbd30 DEOPT PACKING pc=0x0000023ceeb26bbc sp=0x000000c1a1afe730
Event: 1450.749 Thread 0x0000023cd4fbbd30 DEOPT UNPACKING pc=0x0000023ced6f66a3 sp=0x000000c1a1afe5e0 mode 2
Event: 1450.750 Thread 0x0000023cd4fbbd30 DEOPT PACKING pc=0x0000023ce6c316da sp=0x000000c1a1afdd30
Event: 1450.750 Thread 0x0000023cd4fbbd30 DEOPT UNPACKING pc=0x0000023ced6f6e43 sp=0x000000c1a1afd228 mode 0
Event: 1450.801 Thread 0x0000023cc3fee9e0 Uncommon trap: trap_request=0xffffffde fr.pc=0x0000023cedf9c310 relative=0x00000000000001f0
Event: 1450.801 Thread 0x0000023cc3fee9e0 Uncommon trap: reason=class_check action=maybe_recompile pc=0x0000023cedf9c310 method=org.eclipse.jdt.internal.core.util.Util.equalArraysOrNull([Ljava/lang/Object;[Ljava/lang/Object;)Z @ 55 c2
Event: 1450.801 Thread 0x0000023cc3fee9e0 DEOPT PACKING pc=0x0000023cedf9c310 sp=0x000000c1a10fdb90
Event: 1450.801 Thread 0x0000023cc3fee9e0 DEOPT UNPACKING pc=0x0000023ced6f66a3 sp=0x000000c1a10fdb38 mode 2
Event: 1450.801 Thread 0x0000023cc3fee9e0 Uncommon trap: trap_request=0xffffffde fr.pc=0x0000023cedf9c310 relative=0x00000000000001f0
Event: 1450.801 Thread 0x0000023cc3fee9e0 Uncommon trap: reason=class_check action=maybe_recompile pc=0x0000023cedf9c310 method=org.eclipse.jdt.internal.core.util.Util.equalArraysOrNull([Ljava/lang/Object;[Ljava/lang/Object;)Z @ 55 c2
Event: 1450.801 Thread 0x0000023cc3fee9e0 DEOPT PACKING pc=0x0000023cedf9c310 sp=0x000000c1a10fdb00
Event: 1450.801 Thread 0x0000023cc3fee9e0 DEOPT UNPACKING pc=0x0000023ced6f66a3 sp=0x000000c1a10fdaa8 mode 2
Event: 1450.801 Thread 0x0000023cc3fee9e0 Uncommon trap: trap_request=0xffffffde fr.pc=0x0000023cedf9c310 relative=0x00000000000001f0
Event: 1450.801 Thread 0x0000023cc3fee9e0 Uncommon trap: reason=class_check action=maybe_recompile pc=0x0000023cedf9c310 method=org.eclipse.jdt.internal.core.util.Util.equalArraysOrNull([Ljava/lang/Object;[Ljava/lang/Object;)Z @ 55 c2
Event: 1450.801 Thread 0x0000023cc3fee9e0 DEOPT PACKING pc=0x0000023cedf9c310 sp=0x000000c1a10fdb00
Event: 1450.801 Thread 0x0000023cc3fee9e0 DEOPT UNPACKING pc=0x0000023ced6f66a3 sp=0x000000c1a10fdaa8 mode 2
Event: 1450.801 Thread 0x0000023cc3fee9e0 Uncommon trap: trap_request=0xffffffde fr.pc=0x0000023cedf9c310 relative=0x00000000000001f0
Event: 1450.801 Thread 0x0000023cc3fee9e0 Uncommon trap: reason=class_check action=maybe_recompile pc=0x0000023cedf9c310 method=org.eclipse.jdt.internal.core.util.Util.equalArraysOrNull([Ljava/lang/Object;[Ljava/lang/Object;)Z @ 55 c2
Event: 1450.801 Thread 0x0000023cc3fee9e0 DEOPT PACKING pc=0x0000023cedf9c310 sp=0x000000c1a10fdb00
Event: 1450.801 Thread 0x0000023cc3fee9e0 DEOPT UNPACKING pc=0x0000023ced6f66a3 sp=0x000000c1a10fdaa8 mode 2

Classes unloaded (20 events):
Event: 1356.605 Thread 0x0000023cf8772b80 Unloading class 0x0000023c81202000 'jdk/internal/reflect/GeneratedSerializationConstructorAccessor8'
Event: 1356.605 Thread 0x0000023cf8772b80 Unloading class 0x0000023c81201c00 'jdk/internal/reflect/GeneratedSerializationConstructorAccessor7'
Event: 1356.605 Thread 0x0000023cf8772b80 Unloading class 0x0000023c81201800 'jdk/internal/reflect/GeneratedSerializationConstructorAccessor6'
Event: 1356.605 Thread 0x0000023cf8772b80 Unloading class 0x0000023c81201400 'jdk/internal/reflect/GeneratedSerializationConstructorAccessor5'
Event: 1356.605 Thread 0x0000023cf8772b80 Unloading class 0x0000023c81201000 'jdk/internal/reflect/GeneratedSerializationConstructorAccessor4'
Event: 1356.605 Thread 0x0000023cf8772b80 Unloading class 0x0000023c81200c00 'jdk/internal/reflect/GeneratedSerializationConstructorAccessor3'
Event: 1356.605 Thread 0x0000023cf8772b80 Unloading class 0x0000023c81200800 'jdk/internal/reflect/GeneratedSerializationConstructorAccessor2'
Event: 1356.605 Thread 0x0000023cf8772b80 Unloading class 0x0000023c81200400 'jdk/internal/reflect/GeneratedSerializationConstructorAccessor1'
Event: 1356.605 Thread 0x0000023cf8772b80 Unloading class 0x0000023c8115f400 'java/lang/invoke/LambdaForm$MH+0x0000023c8115f400'
Event: 1356.605 Thread 0x0000023cf8772b80 Unloading class 0x0000023c8115f000 'java/lang/invoke/LambdaForm$MH+0x0000023c8115f000'
Event: 1356.605 Thread 0x0000023cf8772b80 Unloading class 0x0000023c8115ec00 'java/lang/invoke/LambdaForm$MH+0x0000023c8115ec00'
Event: 1356.605 Thread 0x0000023cf8772b80 Unloading class 0x0000023c8115e800 'java/lang/invoke/LambdaForm$MH+0x0000023c8115e800'
Event: 1356.605 Thread 0x0000023cf8772b80 Unloading class 0x0000023c8115e400 'java/lang/invoke/LambdaForm$MH+0x0000023c8115e400'
Event: 1356.605 Thread 0x0000023cf8772b80 Unloading class 0x0000023c8115e000 'java/lang/invoke/LambdaForm$MH+0x0000023c8115e000'
Event: 1356.605 Thread 0x0000023cf8772b80 Unloading class 0x0000023c81158800 'jdk/internal/reflect/GeneratedConstructorAccessor3'
Event: 1356.605 Thread 0x0000023cf8772b80 Unloading class 0x0000023c81109c00 'java/lang/invoke/LambdaForm$MH+0x0000023c81109c00'
Event: 1356.605 Thread 0x0000023cf8772b80 Unloading class 0x0000023c81109400 'java/lang/invoke/LambdaForm$MH+0x0000023c81109400'
Event: 1356.605 Thread 0x0000023cf8772b80 Unloading class 0x0000023c81109000 'java/lang/invoke/LambdaForm$MH+0x0000023c81109000'
Event: 1356.605 Thread 0x0000023cf8772b80 Unloading class 0x0000023c81108c00 'java/lang/invoke/LambdaForm$MH+0x0000023c81108c00'
Event: 1356.605 Thread 0x0000023cf8772b80 Unloading class 0x0000023c81108800 'java/lang/invoke/LambdaForm$MH+0x0000023c81108800'

Classes redefined (0 events):
No events

Internal exceptions (20 events):
Event: 1427.856 Thread 0x0000023cc5e64480 Implicit null exception at 0x0000023cee901dda to 0x0000023cee9022b4
Event: 1427.856 Thread 0x0000023cc5e64480 Implicit null exception at 0x0000023cef00c64e to 0x0000023cef00ee44
Event: 1428.013 Thread 0x0000023cdc476cb0 Exception <a 'sun/nio/fs/WindowsException'{0x00000000eab00750}> (0x00000000eab00750) 
thrown [s\src\hotspot\share\prims\jni.cpp, line 516]
Event: 1434.055 Thread 0x0000023cdc476cb0 Exception <a 'sun/nio/fs/WindowsException'{0x00000000eae82f10}> (0x00000000eae82f10) 
thrown [s\src\hotspot\share\prims\jni.cpp, line 516]
Event: 1434.245 Thread 0x0000023cc3ff4f20 Exception <a 'sun/nio/fs/WindowsException'{0x00000000eac825f8}> (0x00000000eac825f8) 
thrown [s\src\hotspot\share\prims\jni.cpp, line 516]
Event: 1434.328 Thread 0x0000023cdc476cb0 Exception <a 'sun/nio/fs/WindowsException'{0x00000000eab597d8}> (0x00000000eab597d8) 
thrown [s\src\hotspot\share\prims\jni.cpp, line 516]
Event: 1440.007 Thread 0x0000023cdc476cb0 Exception <a 'sun/nio/fs/WindowsException'{0x00000000eabc4900}> (0x00000000eabc4900) 
thrown [s\src\hotspot\share\prims\jni.cpp, line 516]
Event: 1440.183 Thread 0x0000023cc5e64480 Implicit null exception at 0x0000023cee916241 to 0x0000023cee916ea4
Event: 1440.186 Thread 0x0000023cc3ff4f20 Exception <a 'sun/nio/fs/WindowsException'{0x00000000eae4a9a8}> (0x00000000eae4a9a8) 
thrown [s\src\hotspot\share\prims\jni.cpp, line 516]
Event: 1440.289 Thread 0x0000023cdc476cb0 Exception <a 'sun/nio/fs/WindowsException'{0x00000000eab04738}> (0x00000000eab04738) 
thrown [s\src\hotspot\share\prims\jni.cpp, line 516]
Event: 1445.231 Thread 0x0000023cd4fbdb90 Exception <a 'java/lang/NoSuchMethodError'{0x00000000eab023e8}: 'java.lang.Object java.lang.invoke.DirectMethodHandle$Holder.invokeStatic(java.lang.Object, int, java.lang.Object)'> (0x00000000eab023e8) 
thrown [s\src\hotspot\share\interpreter\linkResolver.cpp, line 759]
Event: 1445.232 Thread 0x0000023cd4fbdb90 Implicit null exception at 0x0000023cee123fab to 0x0000023cee1244c4
Event: 1446.700 Thread 0x0000023cc3fee9e0 Implicit null exception at 0x0000023cedff8585 to 0x0000023cedff8944
Event: 1446.712 Thread 0x0000023cc3fee9e0 Implicit null exception at 0x0000023cee2980cf to 0x0000023cee298628
Event: 1446.734 Thread 0x0000023cc3fee9e0 Exception <a 'java/lang/ArrayIndexOutOfBoundsException'{0x00000000eb4570e8}: Index 4329 out of bounds for length 4329> (0x00000000eb4570e8) 
thrown [s\src\hotspot\share\interpreter\interpreterRuntime.cpp, line 428]
Event: 1446.872 Thread 0x0000023cc3fee9e0 Implicit null exception at 0x0000023ceef41eaa to 0x0000023ceef42778
Event: 1447.207 Thread 0x0000023cc3fee9e0 Exception <a 'java/lang/ArrayIndexOutOfBoundsException'{0x00000000eb7732b8}> (0x00000000eb7732b8) 
thrown [s\src\hotspot\share\runtime\sharedRuntime.cpp, line 631]
Event: 1447.301 Thread 0x0000023cc3fee9e0 Exception <a 'java/lang/ArrayIndexOutOfBoundsException'{0x00000000eb37ab08}> (0x00000000eb37ab08) 
thrown [s\src\hotspot\share\runtime\sharedRuntime.cpp, line 631]
Event: 1448.585 Thread 0x0000023cd4fbdb90 Exception <a 'java/lang/ArrayIndexOutOfBoundsException'{0x00000000eb631e58}> (0x00000000eb631e58) 
thrown [s\src\hotspot\share\runtime\sharedRuntime.cpp, line 631]
Event: 1450.813 Thread 0x0000023cdc476cb0 Exception <a 'sun/nio/fs/WindowsException'{0x00000000eb0befa0}> (0x00000000eb0befa0) 
thrown [s\src\hotspot\share\prims\jni.cpp, line 516]

VM Operations (20 events):
Event: 1448.168 Executing VM operation: ParallelGCFailedAllocation
Event: 1448.171 Executing VM operation: ParallelGCFailedAllocation done
Event: 1448.194 Executing VM operation: HandshakeAllThreads
Event: 1448.194 Executing VM operation: HandshakeAllThreads done
Event: 1448.305 Executing VM operation: ParallelGCFailedAllocation
Event: 1448.307 Executing VM operation: ParallelGCFailedAllocation done
Event: 1448.588 Executing VM operation: ParallelGCFailedAllocation
Event: 1448.590 Executing VM operation: ParallelGCFailedAllocation done
Event: 1448.616 Executing VM operation: ParallelGCFailedAllocation
Event: 1448.617 Executing VM operation: ParallelGCFailedAllocation done
Event: 1449.631 Executing VM operation: Cleanup
Event: 1449.631 Executing VM operation: Cleanup done
Event: 1450.636 Executing VM operation: Cleanup
Event: 1450.636 Executing VM operation: Cleanup done
Event: 1450.823 Executing VM operation: ParallelGCFailedAllocation
Event: 1450.826 Executing VM operation: ParallelGCFailedAllocation done
Event: 1450.853 Executing VM operation: ParallelGCFailedAllocation
Event: 1450.861 Executing VM operation: ParallelGCFailedAllocation done
Event: 1450.897 Executing VM operation: ParallelGCFailedAllocation
Event: 1450.900 Executing VM operation: ParallelGCFailedAllocation done

Events (20 events):
Event: 1446.976 Thread 0x0000023cf87ce910 flushing nmethod 0x0000023ce872b210
Event: 1446.976 Thread 0x0000023cf87ce910 flushing nmethod 0x0000023ce872df10
Event: 1446.976 Thread 0x0000023cf87ce910 flushing nmethod 0x0000023ce8753010
Event: 1446.976 Thread 0x0000023cf87ce910 flushing nmethod 0x0000023ce876f990
Event: 1446.976 Thread 0x0000023cf87ce910 flushing nmethod 0x0000023ce877fd10
Event: 1446.976 Thread 0x0000023cf87ce910 flushing nmethod 0x0000023ce87cb490
Event: 1446.976 Thread 0x0000023cf87ce910 flushing nmethod 0x0000023ce87f1d90
Event: 1447.634 Thread 0x0000023cc6d014a0 Thread exited: 0x0000023cc6d014a0
Event: 1447.634 Thread 0x0000023cc6cfe4d0 Thread exited: 0x0000023cc6cfe4d0
Event: 1447.634 Thread 0x0000023cc6cfdf80 Thread exited: 0x0000023cc6cfdf80
Event: 1447.741 Thread 0x0000023cc6cfef70 Thread exited: 0x0000023cc6cfef70
Event: 1447.896 Thread 0x0000023cc6cfc4f0 Thread exited: 0x0000023cc6cfc4f0
Event: 1448.143 Thread 0x0000023cc6d00f50 Thread exited: 0x0000023cc6d00f50
Event: 1448.605 Thread 0x0000023cc6cfdf80 Thread added: 0x0000023cc6cfdf80
Event: 1448.605 Thread 0x0000023cc6d00f50 Thread added: 0x0000023cc6d00f50
Event: 1448.613 Thread 0x0000023cc6cfca40 Thread added: 0x0000023cc6cfca40
Event: 1449.549 Thread 0x0000023cc6cfba50 Thread exited: 0x0000023cc6cfba50
Event: 1449.549 Thread 0x0000023cc6d00f50 Thread exited: 0x0000023cc6d00f50
Event: 1449.549 Thread 0x0000023cc6cfca40 Thread exited: 0x0000023cc6cfca40
Event: 1450.740 Thread 0x0000023cc6cfdf80 Thread exited: 0x0000023cc6cfdf80


Dynamic libraries:
0x00007ff637350000 - 0x00007ff63735e000 	c:\Users\luciano\AppData\Roaming\Code\User\globalStorage\pleiades.java-extension-pack-jdk\java\17\bin\java.exe
0x00007ff999690000 - 0x00007ff9998a7000 	C:\WINDOWS\SYSTEM32\ntdll.dll
0x00007ff998540000 - 0x00007ff998604000 	C:\WINDOWS\System32\KERNEL32.DLL
0x00007ff997040000 - 0x00007ff9973e7000 	C:\WINDOWS\System32\KERNELBASE.dll
0x00007ff996be0000 - 0x00007ff996cf1000 	C:\WINDOWS\System32\ucrtbase.dll
0x00007ff9851f0000 - 0x00007ff985207000 	c:\Users\luciano\AppData\Roaming\Code\User\globalStorage\pleiades.java-extension-pack-jdk\java\17\bin\jli.dll
0x00007ff9987a0000 - 0x00007ff99894e000 	C:\WINDOWS\System32\USER32.dll
0x00007ff996a10000 - 0x00007ff996a36000 	C:\WINDOWS\System32\win32u.dll
0x00007ff998020000 - 0x00007ff998049000 	C:\WINDOWS\System32\GDI32.dll
0x00007ff996a40000 - 0x00007ff996b59000 	C:\WINDOWS\System32\gdi32full.dll
0x00007ff996fa0000 - 0x00007ff99703a000 	C:\WINDOWS\System32\msvcp_win.dll
0x00007ff9798b0000 - 0x00007ff9798cb000 	c:\Users\luciano\AppData\Roaming\Code\User\globalStorage\pleiades.java-extension-pack-jdk\java\17\bin\VCRUNTIME140.dll
0x00007ff97d120000 - 0x00007ff97d3b3000 	C:\WINDOWS\WinSxS\amd64_microsoft.windows.common-controls_6595b64144ccf1df_6.0.22621.2483_none_2714a1b573815e84\COMCTL32.dll
0x00007ff997590000 - 0x00007ff997637000 	C:\WINDOWS\System32\msvcrt.dll
0x00007ff998690000 - 0x00007ff9986c1000 	C:\WINDOWS\System32\IMM32.DLL
0x00007ff9360c0000 - 0x00007ff9361d6000 	C:\Program Files\Topaz OFD\Warsaw\wslbscr64.dll
0x00007ff998330000 - 0x00007ff9983e0000 	C:\WINDOWS\System32\ADVAPI32.dll
0x00007ff9986d0000 - 0x00007ff998776000 	C:\WINDOWS\System32\sechost.dll
0x00007ff998950000 - 0x00007ff998a67000 	C:\WINDOWS\System32\RPCRT4.dll
0x00007ff9977c0000 - 0x00007ff998019000 	C:\WINDOWS\System32\SHELL32.dll
0x00007ff995ae0000 - 0x00007ff995b14000 	C:\WINDOWS\SYSTEM32\ntmarta.dll
0x00007ff935fc0000 - 0x00007ff9360b5000 	C:\Program Files\Topaz OFD\Warsaw\wslbscrwh64.dll
0x00007ff991f90000 - 0x00007ff991f9c000 	c:\Users\luciano\AppData\Roaming\Code\User\globalStorage\pleiades.java-extension-pack-jdk\java\17\bin\vcruntime140_1.dll
0x00007ff947270000 - 0x00007ff9472fd000 	c:\Users\luciano\AppData\Roaming\Code\User\globalStorage\pleiades.java-extension-pack-jdk\java\17\bin\msvcp140.dll
0x00007ff8dc790000 - 0x00007ff8dd3f1000 	c:\Users\luciano\AppData\Roaming\Code\User\globalStorage\pleiades.java-extension-pack-jdk\java\17\bin\server\jvm.dll
0x00007ff995820000 - 0x00007ff99586d000 	C:\WINDOWS\SYSTEM32\POWRPROF.dll
0x00007ff97de80000 - 0x00007ff97de89000 	C:\WINDOWS\SYSTEM32\WSOCK32.dll
0x00007ff997740000 - 0x00007ff9977b1000 	C:\WINDOWS\System32\WS2_32.dll
0x00007ff98f450000 - 0x00007ff98f484000 	C:\WINDOWS\SYSTEM32\WINMM.dll
0x00007ff98f1f0000 - 0x00007ff98f1fa000 	C:\WINDOWS\SYSTEM32\VERSION.dll
0x00007ff995800000 - 0x00007ff995813000 	C:\WINDOWS\SYSTEM32\UMPDC.dll
0x00007ff995a60000 - 0x00007ff995a78000 	C:\WINDOWS\SYSTEM32\kernel.appcore.dll
0x00007ff985540000 - 0x00007ff98554a000 	c:\Users\luciano\AppData\Roaming\Code\User\globalStorage\pleiades.java-extension-pack-jdk\java\17\bin\jimage.dll
0x00007ff98d380000 - 0x00007ff98d5b3000 	C:\WINDOWS\SYSTEM32\DBGHELP.DLL
0x00007ff999260000 - 0x00007ff9995e9000 	C:\WINDOWS\System32\combase.dll
0x00007ff998450000 - 0x00007ff998527000 	C:\WINDOWS\System32\OLEAUT32.dll
0x00007ff97ba00000 - 0x00007ff97ba32000 	C:\WINDOWS\SYSTEM32\dbgcore.DLL
0x0000023cdde70000 - 0x0000023cddeea000 	C:\WINDOWS\System32\bcryptPrimitives.dll
0x00007ff96fdb0000 - 0x00007ff96fdbe000 	c:\Users\luciano\AppData\Roaming\Code\User\globalStorage\pleiades.java-extension-pack-jdk\java\17\bin\instrument.dll
0x00007ff96e620000 - 0x00007ff96e645000 	c:\Users\luciano\AppData\Roaming\Code\User\globalStorage\pleiades.java-extension-pack-jdk\java\17\bin\java.dll
0x00007ff91c750000 - 0x00007ff91c827000 	c:\Users\luciano\AppData\Roaming\Code\User\globalStorage\pleiades.java-extension-pack-jdk\java\17\bin\jsvml.dll
0x00007ff9948f0000 - 0x00007ff9951e6000 	C:\WINDOWS\SYSTEM32\windows.storage.dll
0x00007ff9947b0000 - 0x00007ff9948ee000 	C:\WINDOWS\SYSTEM32\wintypes.dll
0x00007ff999130000 - 0x00007ff999223000 	C:\WINDOWS\System32\SHCORE.dll
0x00007ff9995f0000 - 0x00007ff99964e000 	C:\WINDOWS\System32\shlwapi.dll
0x00007ff996940000 - 0x00007ff996966000 	C:\WINDOWS\SYSTEM32\profapi.dll
0x00007ff960530000 - 0x00007ff960548000 	c:\Users\luciano\AppData\Roaming\Code\User\globalStorage\pleiades.java-extension-pack-jdk\java\17\bin\zip.dll
0x00007ff971dd0000 - 0x00007ff971de9000 	C:\Users\luciano\AppData\Roaming\Code\User\globalStorage\pleiades.java-extension-pack-jdk\java\17\bin\net.dll
0x00007ff98ee50000 - 0x00007ff98ef87000 	C:\WINDOWS\SYSTEM32\WINHTTP.dll
0x00007ff995f30000 - 0x00007ff995f99000 	C:\WINDOWS\system32\mswsock.dll
0x00007ff96e600000 - 0x00007ff96e616000 	C:\Users\luciano\AppData\Roaming\Code\User\globalStorage\pleiades.java-extension-pack-jdk\java\17\bin\nio.dll
0x00007ff96e5f0000 - 0x00007ff96e600000 	c:\Users\luciano\AppData\Roaming\Code\User\globalStorage\pleiades.java-extension-pack-jdk\java\17\bin\verify.dll
0x00007ff94d620000 - 0x00007ff94d65e000 	C:\Users\luciano\AppData\Roaming\Code\User\globalStorage\redhat.java\1.24.0\config_win\org.eclipse.equinox.launcher\org.eclipse.equinox.launcher.win32.win32.x86_64_1.2.700.v20221108-1024\eclipse_11801.dll
0x0000023cff800000 - 0x0000023cff9a0000 	C:\WINDOWS\System32\ole32.dll
0x00007ff996280000 - 0x00007ff99629b000 	C:\WINDOWS\SYSTEM32\CRYPTSP.dll
0x00007ff995a20000 - 0x00007ff995a55000 	C:\WINDOWS\system32\rsaenh.dll
0x00007ff995fd0000 - 0x00007ff995ffc000 	C:\WINDOWS\SYSTEM32\USERENV.dll
0x00007ff9963c0000 - 0x00007ff9963e8000 	C:\WINDOWS\SYSTEM32\bcrypt.dll
0x00007ff996260000 - 0x00007ff99626c000 	C:\WINDOWS\SYSTEM32\CRYPTBASE.dll
0x00007ff9954c0000 - 0x00007ff9954ed000 	C:\WINDOWS\SYSTEM32\IPHLPAPI.DLL
0x00007ff998530000 - 0x00007ff998539000 	C:\WINDOWS\System32\NSI.dll
0x00007ff98f200000 - 0x00007ff98f219000 	C:\WINDOWS\SYSTEM32\dhcpcsvc6.DLL
0x00007ff98e910000 - 0x00007ff98e92f000 	C:\WINDOWS\SYSTEM32\dhcpcsvc.DLL
0x00007ff995530000 - 0x00007ff995629000 	C:\WINDOWS\SYSTEM32\DNSAPI.dll
0x00007ff921dd0000 - 0x00007ff921e15000 	C:\Users\luciano\AppData\Local\Temp\jna-103324306\jna1432244283710277756.dll
0x00007ff998050000 - 0x00007ff998058000 	C:\WINDOWS\System32\PSAPI.DLL
0x00007ff97b9e0000 - 0x00007ff97b9f7000 	C:\WINDOWS\system32\napinsp.dll
0x00007ff97b180000 - 0x00007ff97b19b000 	C:\WINDOWS\system32\pnrpnsp.dll
0x00007ff97aed0000 - 0x00007ff97aee1000 	C:\WINDOWS\System32\winrnr.dll
0x00007ff98d230000 - 0x00007ff98d245000 	C:\WINDOWS\system32\wshbth.dll
0x00007ff97aea0000 - 0x00007ff97aec1000 	C:\WINDOWS\system32\nlansp_c.dll
0x00007ff990190000 - 0x00007ff99019a000 	C:\Windows\System32\rasadhlp.dll
0x00007ff98cf20000 - 0x00007ff98cfa3000 	C:\WINDOWS\System32\fwpuclnt.dll
0x00007ff96fe40000 - 0x00007ff96fe4e000 	C:\Users\luciano\AppData\Roaming\Code\User\globalStorage\pleiades.java-extension-pack-jdk\java\17\bin\sunmscapi.dll
0x00007ff996d00000 - 0x00007ff996e66000 	C:\WINDOWS\System32\CRYPT32.dll
0x00007ff996390000 - 0x00007ff9963bd000 	C:\WINDOWS\SYSTEM32\ncrypt.dll
0x00007ff996350000 - 0x00007ff996387000 	C:\WINDOWS\SYSTEM32\NTASN1.dll

dbghelp: loaded successfully - version: 4.0.5 - missing functions: none
symbol engine: initialized successfully - sym options: 0x614 - pdb path: .;c:\Users\luciano\AppData\Roaming\Code\User\globalStorage\pleiades.java-extension-pack-jdk\java\17\bin;C:\WINDOWS\SYSTEM32;C:\WINDOWS\WinSxS\amd64_microsoft.windows.common-controls_6595b64144ccf1df_6.0.22621.2483_none_2714a1b573815e84;C:\Program Files\Topaz OFD\Warsaw;c:\Users\luciano\AppData\Roaming\Code\User\globalStorage\pleiades.java-extension-pack-jdk\java\17\bin\server;C:\Users\luciano\AppData\Roaming\Code\User\globalStorage\redhat.java\1.24.0\config_win\org.eclipse.equinox.launcher\org.eclipse.equinox.launcher.win32.win32.x86_64_1.2.700.v20221108-1024;C:\Users\luciano\AppData\Local\Temp\jna-103324306

VM Arguments:
jvm_args: --add-modules=ALL-SYSTEM --add-opens=java.base/java.util=ALL-UNNAMED --add-opens=java.base/java.lang=ALL-UNNAMED --add-opens=java.base/sun.nio.fs=ALL-UNNAMED -Declipse.application=org.eclipse.jdt.ls.core.id1 -Dosgi.bundles.defaultStartLevel=4 -Declipse.product=org.eclipse.jdt.ls.core.product -Djava.import.generatesMetadataFilesAtProjectRoot=false -DDetectVMInstallationsJob.disabled=true -Dfile.encoding=utf8 -XX:+UseParallelGC -XX:GCTimeRatio=4 -XX:AdaptiveSizePolicyWeight=90 -Dsun.zip.disableMemoryMapping=true -Xmx1G -Xms100m -Xlog:disable -javaagent:c:\Users\luciano\.vscode\extensions\redhat.java-1.24.0-win32-x64\lombok\lombok-1.18.30.jar -XX:+HeapDumpOnOutOfMemoryError -XX:HeapDumpPath=c:\Users\luciano\AppData\Roaming\Code\User\workspaceStorage\640d357f8450c27fbadb4de82f0a2656\redhat.java -Daether.dependencyCollector.impl=bf 
java_command: c:\Users\luciano\.vscode\extensions\redhat.java-1.24.0-win32-x64\server\plugins\org.eclipse.equinox.launcher_1.6.500.v20230717-2134.jar -configuration c:\Users\luciano\AppData\Roaming\Code\User\globalStorage\redhat.java\1.24.0\config_win -data c:\Users\luciano\AppData\Roaming\Code\User\workspaceStorage\640d357f8450c27fbadb4de82f0a2656\redhat.java\jdt_ws --stdio
java_class_path (initial): c:\Users\luciano\.vscode\extensions\redhat.java-1.24.0-win32-x64\server\plugins\org.eclipse.equinox.launcher_1.6.500.v20230717-2134.jar
Launcher Type: SUN_STANDARD

[Global flags]
    uintx AdaptiveSizePolicyWeight                 = 90                                        {product} {command line}
     intx CICompilerCount                          = 12                                        {product} {ergonomic}
    uintx GCTimeRatio                              = 4                                         {product} {command line}
     bool HeapDumpOnOutOfMemoryError               = true                                   {manageable} {command line}
    ccstr HeapDumpPath                             = c:\Users\luciano\AppData\Roaming\Code\User\workspaceStorage\640d357f8450c27fbadb4de82f0a2656\redhat.java         {manageable} {command line}
   size_t InitialHeapSize                          = 104857600                                 {product} {command line}
   size_t MaxHeapSize                              = 1073741824                                {product} {command line}
   size_t MaxNewSize                               = 357564416                                 {product} {ergonomic}
   size_t MinHeapDeltaBytes                        = 524288                                    {product} {ergonomic}
   size_t MinHeapSize                              = 104857600                                 {product} {command line}
   size_t NewSize                                  = 34603008                                  {product} {ergonomic}
    uintx NonNMethodCodeHeapSize                   = 7602480                                {pd product} {ergonomic}
    uintx NonProfiledCodeHeapSize                  = 122027880                              {pd product} {ergonomic}
   size_t OldSize                                  = 70254592                                  {product} {ergonomic}
    uintx ProfiledCodeHeapSize                     = 122027880                              {pd product} {ergonomic}
    uintx ReservedCodeCacheSize                    = 251658240                              {pd product} {ergonomic}
     bool SegmentedCodeCache                       = true                                      {product} {ergonomic}
   size_t SoftMaxHeapSize                          = 1073741824                             {manageable} {ergonomic}
     bool UseCompressedClassPointers               = true                           {product lp64_product} {ergonomic}
     bool UseCompressedOops                        = true                           {product lp64_product} {ergonomic}
     bool UseLargePagesIndividualAllocation        = false                                  {pd product} {ergonomic}
     bool UseParallelGC                            = true                                      {product} {command line}

Logging:
Log output configuration:
 #0: stdout all=off uptime,level,tags
 #1: stderr all=off uptime,level,tags

Environment Variables:
JAVA_HOME=C:\Program Files\Java\jdk-20
PATH=C:\Python311\Scripts\;C:\Python311\;C:\Program Files\Java\jdk-20\bin;C:\Program Files\Common Files\Oracle\Java\javapath;C:\Program Files (x86)\Common Files\Oracle\Java\javapath;C:\WINDOWS\system32;C:\WINDOWS;C:\WINDOWS\System32\Wbem;C:\WINDOWS\System32\WindowsPowerShell\v1.0\;C:\WINDOWS\System32\OpenSSH\;C:\Program Files\dotnet\;C:\Users\luciano\adb-fastboot\platform-tools;C:\Program Files\SafeNet\Authentication\SAC\x64;C:\Program Files\SafeNet\Authentication\SAC\x32;C:\Program Files\nodejs\;C:\ProgramData\chocolatey\bin;C:\Program Files (x86)\Microsoft SQL Server\160\DTS\Binn\;C:\Program Files\Azure Data Studio\bin;C:\Gradle\bin;C:\Program Files\Docker\Docker\resources\bin;C:\Program Files\Git\cmd;C:\Users\luciano\AppData\Local\Microsoft\WindowsApps;C:\Users\luciano\AppData\Local\GitHubDesktop\bin;C:\Users\luciano\AppData\Local\Programs\Microsoft VS Code\bin;C:\Users\luciano\AppData\Roaming\npm;C:\Program Files\Azure Data Studio\bin;C:\Users\luciano\.dotnet\tools;C:\Program Files\Azure Data Studio\bin
USERNAME=lucia
OS=Windows_NT
PROCESSOR_IDENTIFIER=Intel64 Family 6 Model 151 Stepping 2, GenuineIntel
TMP=C:\Users\luciano\AppData\Local\Temp
TEMP=C:\Users\luciano\AppData\Local\Temp



Periodic native trim disabled


---------------  S Y S T E M  ---------------

OS:
 Windows 11 , 64 bit Build 22621 (10.0.22621.2700)
OS uptime: 0 days 4:57 hours
Hyper-V role detected

CPU: total 20 (initial active 20) (10 cores per cpu, 2 threads per core) family 6 model 151 stepping 2 microcode 0x26, cx8, cmov, fxsr, ht, mmx, 3dnowpref, sse, sse2, sse3, ssse3, sse4.1, sse4.2, popcnt, lzcnt, tsc, tscinvbit, avx, avx2, aes, erms, clmul, bmi1, bmi2, adx, sha, fma, vzeroupper, clflush, clflushopt, clwb, hv
Processor Information for all 20 processors :
  Max Mhz: 3600, Current Mhz: 3600, Mhz Limit: 3600

Memory: 4k page, system-wide physical 32509M (11165M free)
TotalPageFile size 39464M (AvailPageFile size 5115M)
current process WorkingSet (physical memory assigned to process): 833M, peak: 901M
current process commit charge ("private bytes"): 752M, peak: 823M

vm_info: OpenJDK 64-Bit Server VM (17.0.9+9) for windows-amd64 JRE (17.0.9+9), built on Oct 26 2023 14:01:42 by "admin" with MS VC++ 16.10 / 16.11 (VS2019)

END.
